This is pdfTeX, Version 3.141592653-2.6-1.40.22 (TeX Live 2022/dev/Debian) (preloaded format=pdflatex 2024.3.18)  28 JAN 2025 14:17
entering extended mode
 restricted \write18 enabled.
 %&-line parsing enabled.
**thesis.tex
(./thesis.tex
LaTeX2e <2021-11-15> patch level 1
L3 programming layer <2022-01-21> (./vutinfth.cls
Document Class: vutinfth 2020/02/20 v1.10 TU Wien Faculty of Informatics thesis
 template
(/usr/share/texlive/texmf-dist/tex/latex/memoir/memoir.cls
Document Class: memoir 2021/06/16 v3.7p configurable book, report, article docu
ment class
\onelineskip=\skip47
\lxvchars=\skip48
\xlvchars=\skip49
\@memcnta=\count185
\c@@memmarkcntra=\count186
(/usr/share/texlive/texmf-dist/tex/generic/iftex/iftex.sty
Package: iftex 2020/03/06 v1.0d TeX engine tests
)
\stockheight=\skip50
\stockwidth=\skip51
\trimtop=\skip52
\trimedge=\skip53

(/usr/share/texlive/texmf-dist/tex/latex/memoir/mem11.clo
File: mem11.clo 2008/01/30 v0.3 memoir class 11pt size option
)
\binding=\skip54
\spinemargin=\skip55
\foremargin=\skip56
\uppermargin=\skip57
\lowermargin=\skip58
\headdrop=\skip59
\normalrulethickness=\skip60
\mem@maxheadheight=\skip61
\mem@maxfootheight=\skip62
\headwidth=\skip63
\c@storedpagenumber=\count187
\memPD=\dimen138
\m@mabparskip=\skip64
\thanksmarkwidth=\skip65
\thanksmarksep=\skip66
\droptitle=\skip67
\c@book=\count188
\c@part=\count189
\c@chapter=\count190
\c@section=\count191
\c@subsection=\count192
\c@subsubsection=\count193
\c@paragraph=\count194
\c@subparagraph=\count195
\beforechapskip=\skip68
\midchapskip=\skip69
\afterchapskip=\skip70
\chapindent=\skip71
\bottomsectionskip=\skip72
\secindent=\skip73
\beforesecskip=\skip74
\aftersecskip=\skip75
\subsecindent=\skip76
\beforesubsecskip=\skip77
\aftersubsecskip=\skip78
\subsubsecindent=\skip79
\beforesubsubsecskip=\skip80
\aftersubsubsecskip=\skip81
\paraindent=\skip82
\beforeparaskip=\skip83
\afterparaskip=\skip84
\subparaindent=\skip85
\beforesubparaskip=\skip86
\aftersubparaskip=\skip87
\pfbreakskip=\skip88
\c@@ppsavesec=\count196
\c@@ppsaveapp=\count197
\ragrparindent=\dimen139
\everylistparindent=\dimen140
\parsepi=\skip89
\topsepi=\skip90
\itemsepi=\skip91
\parsepii=\skip92
\topsepii=\skip93
\topsepiii=\skip94
\itemsepii=\skip95
\itemsepiii=\skip96
\partopsepii=\skip97
\partopsepiii=\skip98
\m@msavetopsep=\skip99
\m@msavepartopsep=\skip100
\@enLab=\toks16
\abstitleskip=\skip101
\absleftindent=\skip102
\abs@leftindent=\dimen141
\absrightindent=\skip103
\absparindent=\skip104
\absparsep=\skip105
\c@vslineno=\count198
\c@poemline=\count199
\c@modulo@vs=\count266
\c@memfvsline=\count267
\vleftskip=\skip106
\vrightskip=\skip107
\stanzaskip=\skip108
\versewidth=\skip109
\vgap=\skip110
\vindent=\skip111
\vleftmargin=\dimen142
\c@verse=\count268
\c@chrsinstr=\count269
\beforepoemtitleskip=\skip112
\afterpoemtitleskip=\skip113
\c@poem=\count270
\beforePoemTitleskip=\skip114
\midPoemTitleskip=\skip115
\afterPoemTitleskip=\skip116

(/usr/share/texlive/texmf-dist/tex/latex/tools/array.sty
Package: array 2021/10/04 v2.5f Tabular extension package (FMi)
\col@sep=\dimen143
\ar@mcellbox=\box50
\extrarowheight=\dimen144
\NC@list=\toks17
\extratabsurround=\skip117
\backup@length=\skip118
\ar@cellbox=\box51
)
(/usr/share/texlive/texmf-dist/tex/latex/tools/dcolumn.sty
Package: dcolumn 2014/10/28 v1.06 decimal alignment package (DPC)
)
(/usr/share/texlive/texmf-dist/tex/latex/tools/delarray.sty
Package: delarray 2014/10/28 v1.01 array delimiter package (DPC)
)
(/usr/share/texlive/texmf-dist/tex/latex/tools/tabularx.sty
Package: tabularx 2020/01/15 v2.11c `tabularx' package (DPC)
\TX@col@width=\dimen145
\TX@old@table=\dimen146
\TX@old@col=\dimen147
\TX@target=\dimen148
\TX@delta=\dimen149
\TX@cols=\count271
\TX@ftn=\toks18
)
\heavyrulewidth=\dimen150
\lightrulewidth=\dimen151
\cmidrulewidth=\dimen152
\belowrulesep=\dimen153
\belowbottomsep=\dimen154
\aboverulesep=\dimen155
\abovetopsep=\dimen156
\cmidrulesep=\dimen157
\cmidrulekern=\dimen158
\defaultaddspace=\dimen159
\@cmidla=\count272
\@cmidlb=\count273
\@aboverulesep=\dimen160
\@belowrulesep=\dimen161
\@thisruleclass=\count274
\@lastruleclass=\count275
\@thisrulewidth=\dimen162
\ctableftskip=\skip119
\ctabrightskip=\skip120
\abovecolumnspenalty=\count276
\@linestogo=\count277
\@cellstogo=\count278
\@cellsincolumn=\count279
\crtok=\toks19
\@mincolumnwidth=\dimen163
\c@newflo@tctr=\count280
\mem@margin@floatbox=\box52
\@contcwidth=\skip121
\@contindw=\skip122
\abovecaptionskip=\skip123
\belowcaptionskip=\skip124
\subfloattopskip=\skip125
\subfloatcapskip=\skip126
\subfloatcaptopadj=\skip127
\subfloatbottomskip=\skip128
\subfloatlabelskip=\skip129
\subfloatcapmargin=\dimen164
\c@@contsubnum=\count281
\m@mscap@capbox=\box53
\m@mscap@fbox=\box54
\sidecapsep=\dimen165
\sidecapwidth=\dimen166
\m@m@tempdima=\dimen167
\m@mscapraise=\dimen168
\sidecapraise=\dimen169
\m@mscapmainwidth=\dimen170
\m@mscaplkern=\dimen171
\beforeepigraphskip=\skip130
\afterepigraphskip=\skip131
\epigraphwidth=\skip132
\epigraphrule=\skip133
LaTeX Info: Redefining \em on input line 7654.
LaTeX Info: Redefining \emph on input line 7662.
\tocentryskip=\skip134
\tocbaseline=\skip135
\cftparskip=\skip136
\cftbeforebookskip=\skip137
\cftbookindent=\dimen172
\cftbooknumwidth=\dimen173
\cftbeforepartskip=\skip138
\cftpartindent=\skip139
\cftpartnumwidth=\skip140
\cftbeforechapterskip=\skip141
\cftchapterindent=\skip142
\cftchapternumwidth=\skip143
\cftbeforesectionskip=\skip144
\cftsectionindent=\skip145
\cftsectionnumwidth=\skip146
\cftbeforesubsectionskip=\skip147
\cftsubsectionindent=\skip148
\cftsubsectionnumwidth=\skip149
\cftbeforesubsubsectionskip=\skip150
\cftsubsubsectionindent=\skip151
\cftsubsubsectionnumwidth=\skip152
\cftbeforeparagraphskip=\skip153
\cftparagraphindent=\skip154
\cftparagraphnumwidth=\skip155
\cftbeforesubparagraphskip=\skip156
\cftsubparagraphindent=\skip157
\cftsubparagraphnumwidth=\skip158
\prechapterprecisshift=\dimen174
\c@maxsecnumdepth=\count282
\bibindent=\dimen175
\bibitemsep=\skip159
\indexcolsep=\skip160
\indexrule=\skip161
\indexmarkstyle=\toks20
\@indexbox=\insert252
\glossarycolsep=\dimen176
\glossaryrule=\dimen177
\sideparvshift=\skip162
\sideins=\insert251
\sidebartopsep=\skip163
\sidebarhsep=\skip164
\sidebarvsep=\skip165
\sidebarwidth=\skip166
\footmarkwidth=\skip167
\footmarksep=\skip168
\footparindent=\skip169
\footinsdim=\skip170
\footinsv@r=\insert250
\@mpfootinsv@r=\insert249
\m@m@k=\count283
\m@m@h=\dimen178
\m@mipn@skip=\skip171
\sidefootins=\insert248
\sidefootadjust=\skip172
\sidefootheight=\skip173
\sidefoothsep=\skip174
\sidefootvsep=\skip175
\sidefootwidth=\skip176
\m@mdownsf=\skip177
\c@sidefootnote=\count284
\sidefootmarkwidth=\skip178
\sidefootmarksep=\skip179
\sidefootparindent=\skip180
\c@pagenote=\count285
\c@pagenoteshadow=\count286
\mem@pn@lastkern=\skip181
\every@verbatim=\toks21
\afterevery@verbatim=\toks22
\verbatim@line=\toks23
\tab@position=\count287
\verbatim@in@stream=\read2
\verbatimindent=\skip182
\verbatim@out=\write3
\bvboxsep=\skip183
\c@memfbvline=\count288
\c@bvlinectr=\count289
\bvnumlength=\skip184
\fb@frw=\dimen179
\fb@frh=\dimen180
\FrameRule=\dimen181
\FrameSep=\dimen182


LaTeX hooks Warning: Generic hook 'package/before/framed' is deprecated.
(hooks)              Use hook 'package/framed/before' instead.

\c@cp@cntr=\count290
\c@ism@mctr=\count291
\c@xsm@mctr=\count292
\c@csm@mctr=\count293
\c@ksm@mctr=\count294
\c@xksm@mctr=\count295
\c@cksm@mctr=\count296
\c@msm@mctr=\count297
\c@xmsm@mctr=\count298
\c@cmsm@mctr=\count299
\c@bsm@mctr=\count300
\c@workm@mctr=\count301
\c@sheetsequence=\count302
\c@lastsheet=\count303
\c@lastpage=\count304
(/usr/share/texlive/texmf-dist/tex/latex/textcase/textcase.sty
Package: textcase 2019/09/14 v1.00 Text only upper/lower case changing (DPC)
)
\c@figure=\count305
\c@lofdepth=\count306
\cftbeforefigureskip=\skip185
\cftfigureindent=\skip186
\cftfigurenumwidth=\skip187
\c@table=\count307
\c@lotdepth=\count308
\cftbeforetableskip=\skip188
\cfttableindent=\skip189
\cfttablenumwidth=\skip190
Package abstract [2008/07/23] emulated by memoir.
Package appendix [2008/07/23] emulated by memoir.
Package booktabs [2016/05/16] emulated by memoir.
Package ccaption [2008/07/23] emulated by memoir.
Package changepage [2008/07/23] emulated by memoir.
Package chngcntr [2008/07/23] emulated by memoir.
Package chngpage [2008/07/23] emulated by memoir.
Package crop emulated by memoir.
Package enumerate [2008/07/23] emulated by memoir.
Package epigraph [2008/07/23] emulated by memoir.
Package ifmtarg [2008/07/23] emulated by memoir.
Package index [2008/07/23] emulated by memoir.
Package makeidx [2008/07/23] emulated by memoir.
Package moreverb [2008/07/23] emulated by memoir.
Package needspace [2008/07/23] emulated by memoir.
Package newfile [2008/07/23] emulated by memoir.
Package nextpage [2008/07/23] emulated by memoir.
Package pagenote [2008/07/23] emulated by memoir.
Package parskip [2008/07/23] emulated by memoir.
Package patchcmd [2008/07/23] emulated by memoir.
Package setspace [2008/07/23] emulated by memoir.
Package shortvrb [2008/07/23] emulated by memoir.
Package showidx [2008/07/23] emulated by memoir.
Package titleref [2008/07/23] emulated by memoir.
Package titling [2008/07/23] emulated by memoir.
Package tocbibind [2008/07/23] emulated by memoir.
Package tocloft [2008/07/23] emulated by memoir.
Package tocvsec2 [2008/07/23] emulated by memoir.
Package verbatim [2008/07/23] emulated by memoir.
Package verse [2008/07/23] emulated by memoir.


LaTeX hooks Warning: Generic hook 'package/before/float' is deprecated.
(hooks)              Use hook 'package/float/before' instead.

) (/usr/share/texlive/texmf-dist/tex/latex/psnfss/helvet.sty
Package: helvet 2020/03/25 PSNFSS-v9.3 (WaS) 

(/usr/share/texlive/texmf-dist/tex/latex/graphics/keyval.sty
Package: keyval 2014/10/28 v1.15 key=value parser (DPC)
\KV@toks@=\toks24
))
(/usr/share/texmf/tex/latex/lm/lmodern.sty
Package: lmodern 2009/10/30 v1.6 Latin Modern Fonts
LaTeX Font Info:    Overwriting symbol font `operators' in version `normal'
(Font)                  OT1/cmr/m/n --> OT1/lmr/m/n on input line 22.
LaTeX Font Info:    Overwriting symbol font `letters' in version `normal'
(Font)                  OML/cmm/m/it --> OML/lmm/m/it on input line 23.
LaTeX Font Info:    Overwriting symbol font `symbols' in version `normal'
(Font)                  OMS/cmsy/m/n --> OMS/lmsy/m/n on input line 24.
LaTeX Font Info:    Overwriting symbol font `largesymbols' in version `normal'
(Font)                  OMX/cmex/m/n --> OMX/lmex/m/n on input line 25.
LaTeX Font Info:    Overwriting symbol font `operators' in version `bold'
(Font)                  OT1/cmr/bx/n --> OT1/lmr/bx/n on input line 26.
LaTeX Font Info:    Overwriting symbol font `letters' in version `bold'
(Font)                  OML/cmm/b/it --> OML/lmm/b/it on input line 27.
LaTeX Font Info:    Overwriting symbol font `symbols' in version `bold'
(Font)                  OMS/cmsy/b/n --> OMS/lmsy/b/n on input line 28.
LaTeX Font Info:    Overwriting symbol font `largesymbols' in version `bold'
(Font)                  OMX/cmex/m/n --> OMX/lmex/m/n on input line 29.
LaTeX Font Info:    Overwriting math alphabet `\mathbf' in version `normal'
(Font)                  OT1/cmr/bx/n --> OT1/lmr/bx/n on input line 31.
LaTeX Font Info:    Overwriting math alphabet `\mathsf' in version `normal'
(Font)                  OT1/cmss/m/n --> OT1/lmss/m/n on input line 32.
LaTeX Font Info:    Overwriting math alphabet `\mathit' in version `normal'
(Font)                  OT1/cmr/m/it --> OT1/lmr/m/it on input line 33.
LaTeX Font Info:    Overwriting math alphabet `\mathtt' in version `normal'
(Font)                  OT1/cmtt/m/n --> OT1/lmtt/m/n on input line 34.
LaTeX Font Info:    Overwriting math alphabet `\mathbf' in version `bold'
(Font)                  OT1/cmr/bx/n --> OT1/lmr/bx/n on input line 35.
LaTeX Font Info:    Overwriting math alphabet `\mathsf' in version `bold'
(Font)                  OT1/cmss/bx/n --> OT1/lmss/bx/n on input line 36.
LaTeX Font Info:    Overwriting math alphabet `\mathit' in version `bold'
(Font)                  OT1/cmr/bx/it --> OT1/lmr/bx/it on input line 37.
LaTeX Font Info:    Overwriting math alphabet `\mathtt' in version `bold'
(Font)                  OT1/cmtt/m/n --> OT1/lmtt/m/n on input line 38.
)
(/usr/share/texlive/texmf-dist/tex/latex/psnfss/courier.sty
Package: courier 2020/03/25 PSNFSS-v9.3 (WaS) 
)
(/usr/share/texlive/texmf-dist/tex/latex/base/fontenc.sty
Package: fontenc 2021/04/29 v2.0v Standard LaTeX package
LaTeX Font Info:    Trying to load font information for T1+lmr on input line 11
2.

(/usr/share/texmf/tex/latex/lm/t1lmr.fd
File: t1lmr.fd 2009/10/30 v1.6 Font defs for Latin Modern
))
(/usr/share/texlive/texmf-dist/tex/generic/babel/babel.sty
Package: babel 2022/01/26 3.70 The Babel package
\babel@savecnt=\count309
\U@D=\dimen183
\l@unhyphenated=\language87

(/usr/share/texlive/texmf-dist/tex/generic/babel/txtbabel.def)
\bbl@readstream=\read3
\bbl@dirlevel=\count310

(/usr/share/texlive/texmf-dist/tex/generic/babel-english/english.ldf
Language: english 2017/06/06 v3.3r English support from the babel system
Package babel Info: Hyphen rules for 'canadian' set to \l@english
(babel)             (\language0). Reported on input line 102.
Package babel Info: Hyphen rules for 'australian' set to \l@ukenglish
(babel)             (\language13). Reported on input line 105.
Package babel Info: Hyphen rules for 'newzealand' set to \l@ukenglish
(babel)             (\language13). Reported on input line 108.
)
(/usr/share/texlive/texmf-dist/tex/generic/babel-german/naustrian.ldf
Language: naustrian 2021/02/27 v2.13 German support for babel (post-1996 orthog
raphy)

(/usr/share/texlive/texmf-dist/tex/generic/babel-german/ngermanb.ldf
Language: ngermanb 2021/02/27 v2.13 German support for babel (post-1996 orthogr
aphy)
Package babel Info: Hyphen rules for 'naustrian' set to \l@ngerman
(babel)             (\language66). Reported on input line 56.
Package babel Info: Making " an active character on input line 122.
)))
(/usr/share/texlive/texmf-dist/tex/latex/datetime/datetime.sty
Package: datetime 2015/03/20 v2.60 Date Time Package

(/usr/share/texlive/texmf-dist/tex/latex/etoolbox/etoolbox.sty
Package: etoolbox 2020/10/05 v2.5k e-TeX tools for LaTeX (JAW)
\etb@tempcnta=\count311
)
(/usr/share/texlive/texmf-dist/tex/latex/fmtcount/fmtcount.sty
Package: fmtcount 2020/01/30 v3.07

(/usr/share/texlive/texmf-dist/tex/latex/base/ifthen.sty
Package: ifthen 2020/11/24 v1.1c Standard LaTeX ifthen package (DPC)
)
(/usr/share/texlive/texmf-dist/tex/latex/xkeyval/xkeyval.sty
Package: xkeyval 2020/11/20 v2.8 package option processing (HA)

(/usr/share/texlive/texmf-dist/tex/generic/xkeyval/xkeyval.tex
(/usr/share/texlive/texmf-dist/tex/generic/xkeyval/xkvutils.tex
\XKV@toks=\toks25
\XKV@tempa@toks=\toks26
)
\XKV@depth=\count312
File: xkeyval.tex 2014/12/03 v2.7a key=value parser (HA)
))
(/usr/share/texlive/texmf-dist/tex/latex/fmtcount/fcprefix.sty
Package: fcprefix 2012/09/28

(/usr/share/texlive/texmf-dist/tex/latex/fmtcount/fcnumparser.sty
Package: fcnumparser 2017/06/15
\fc@digit@counter=\count313
))
(/usr/share/texlive/texmf-dist/tex/latex/amsmath/amsgen.sty
File: amsgen.sty 1999/11/30 v2.0 generic functions
\@emptytoks=\toks27
\ex@=\dimen184
)
\c@padzeroesN=\count314
\fc@tmpcatcode=\count315

(/usr/share/texlive/texmf-dist/tex/latex/fmtcount/fc-english.def
File: fc-english.def 2016/01/12
)
(/usr/share/texlive/texmf-dist/tex/latex/fmtcount/fc-ngermanb.def
File: fc-ngermanb.def 2013/08/17

(/usr/share/texlive/texmf-dist/tex/latex/fmtcount/fc-german.def
File: fc-german.def 2018/06/17

(/usr/share/texlive/texmf-dist/tex/latex/fmtcount/fc-germanb.def
File: fc-germanb.def 2013/08/17
))
(/usr/share/texlive/texmf-dist/tex/latex/fmtcount/fc-ngerman.def
File: fc-ngerman.def 2012/06/18
))
\@DT@modctr=\count316
\@ordinalctr=\count317
\@orgargctr=\count318
\@strctr=\count319
\@tmpstrctr=\count320
\@DT@loopN=\count321
\@DT@X=\count322


Package fmtcount Warning: \ordinal already defined use \FCordinal instead. on i
nput line 466.

) (/usr/share/texlive/texmf-dist/tex/latex/datetime/datetime-defaults.sty
Package: datetime-defaults 2013/09/10
)
\@day=\count323
\@month=\count324
\@year=\count325
\c@HOUR=\count326
\c@HOURXII=\count327
\c@MINUTE=\count328
\c@TOHOUR=\count329
\c@TOMINUTE=\count330
\c@SECOND=\count331
\currenthour=\count332
\currentminute=\count333
\currentsecond=\count334
Package datetime Info: No datetime.cfg file found, using default settings on in
put line 308.
\@dtctr=\count335
\dayofyear=\count336
\dayofweek=\count337
LaTeX Info: Redefining \today on input line 736.

(/usr/share/texlive/texmf-dist/tex/latex/datetime/dt-naustrian.def
File: dt-naustrian.def 2013/09/10
LaTeX Info: Redefining \datenaustrian on input line 64.
)
\dt@a=\toks28
\dt@b=\toks29
)
(/usr/share/texlive/texmf-dist/tex/latex/geometry/geometry.sty
Package: geometry 2020/01/02 v5.9 Page Geometry

(/usr/share/texlive/texmf-dist/tex/generic/iftex/ifvtex.sty
Package: ifvtex 2019/10/25 v1.7 ifvtex legacy package. Use iftex instead.
)
\Gm@cnth=\count338
\Gm@cntv=\count339
\c@Gm@tempcnt=\count340
\Gm@bindingoffset=\dimen185
\Gm@wd@mp=\dimen186
\Gm@odd@mp=\dimen187
\Gm@even@mp=\dimen188
\Gm@layoutwidth=\dimen189
\Gm@layoutheight=\dimen190
\Gm@layouthoffset=\dimen191
\Gm@layoutvoffset=\dimen192
\Gm@dimlist=\toks30
)
(/usr/share/texlive/texmf-dist/tex/latex/tools/calc.sty
Package: calc 2017/05/25 v4.3 Infix arithmetic (KKT,FJ)
\calc@Acount=\count341
\calc@Bcount=\count342
\calc@Adimen=\dimen193
\calc@Bdimen=\dimen194
\calc@Askip=\skip191
\calc@Bskip=\skip192
LaTeX Info: Redefining \setlength on input line 80.
LaTeX Info: Redefining \addtolength on input line 81.
\calc@Ccount=\count343
\calc@Cskip=\skip193
)
(/usr/share/texlive/texmf-dist/tex/latex/graphics/graphicx.sty
Package: graphicx 2021/09/16 v1.2d Enhanced LaTeX Graphics (DPC,SPQR)

(/usr/share/texlive/texmf-dist/tex/latex/graphics/graphics.sty
Package: graphics 2021/03/04 v1.4d Standard LaTeX Graphics (DPC,SPQR)

(/usr/share/texlive/texmf-dist/tex/latex/graphics/trig.sty
Package: trig 2021/08/11 v1.11 sin cos tan (DPC)
)
(/usr/share/texlive/texmf-dist/tex/latex/graphics-cfg/graphics.cfg
File: graphics.cfg 2016/06/04 v1.11 sample graphics configuration
)
Package graphics Info: Driver file: pdftex.def on input line 107.

(/usr/share/texlive/texmf-dist/tex/latex/graphics-def/pdftex.def
File: pdftex.def 2020/10/05 v1.2a Graphics/color driver for pdftex
))
\Gin@req@height=\dimen195
\Gin@req@width=\dimen196
)
\vutinfth@tmp@parindent=\skip194
\vutinfth@tmp@baselineskip=\skip195
\vutinfth@tmp@parskip=\skip196
\vutinfth@logo@offset@x=\skip197
\vutinfth@logo@offset@y=\skip198
\vutinfth@logo@width@safe=\skip199
\vutinfth@logo@height=\skip256
\vutinfth@insologo@height=\skip257
\vutinfth@header@width=\skip258
\vutinfth@header@height=\skip259
\vutinfth@header@separator=\skip260
\vutinfth@bigskipamount=\skip261
\vutinfth@signature@height=\skip262
\vutinfth@signature@width=\skip263
\vutinfth@placedate@width=\skip264
)
(/usr/share/texlive/texmf-dist/tex/latex/base/fontenc.sty
Package: fontenc 2021/04/29 v2.0v Standard LaTeX package
)
(/usr/share/texlive/texmf-dist/tex/latex/base/inputenc.sty
Package: inputenc 2021/02/14 v1.3d Input encoding file
\inpenc@prehook=\toks31
\inpenc@posthook=\toks32
)
(/usr/share/texlive/texmf-dist/tex/latex/csquotes/csquotes.sty
Package: csquotes 2021-02-22 v5.2l context-sensitive quotations (JAW)
\csq@reset=\count344
\csq@gtype=\count345
\csq@glevel=\count346
\csq@qlevel=\count347
\csq@maxlvl=\count348
\csq@tshold=\count349
\csq@ltx@everypar=\toks33

(/usr/share/texlive/texmf-dist/tex/latex/csquotes/csquotes.def
File: csquotes.def 2021-02-22 v5.2l csquotes generic definitions (JAW)
)
Package csquotes Info: Trying to load configuration file 'csquotes.cfg'...
Package csquotes Info: ... configuration file loaded successfully.

(/usr/share/texlive/texmf-dist/tex/latex/csquotes/csquotes.cfg
File: csquotes.cfg 
))
(/usr/share/texlive/texmf-dist/tex/latex/amsmath/amsmath.sty
Package: amsmath 2021/10/15 v2.17l AMS math features
\@mathmargin=\skip265

For additional information on amsmath, use the `?' option.
(/usr/share/texlive/texmf-dist/tex/latex/amsmath/amstext.sty
Package: amstext 2021/08/26 v2.01 AMS text
)
(/usr/share/texlive/texmf-dist/tex/latex/amsmath/amsbsy.sty
Package: amsbsy 1999/11/29 v1.2d Bold Symbols
\pmbraise@=\dimen197
)
(/usr/share/texlive/texmf-dist/tex/latex/amsmath/amsopn.sty
Package: amsopn 2021/08/26 v2.02 operator names
)
\inf@bad=\count350
LaTeX Info: Redefining \frac on input line 234.
\uproot@=\count351
\leftroot@=\count352
LaTeX Info: Redefining \overline on input line 399.
\classnum@=\count353
\DOTSCASE@=\count354
LaTeX Info: Redefining \ldots on input line 496.
LaTeX Info: Redefining \dots on input line 499.
LaTeX Info: Redefining \cdots on input line 620.
\Mathstrutbox@=\box55
\strutbox@=\box56
\big@size=\dimen198
LaTeX Font Info:    Redeclaring font encoding OML on input line 743.
LaTeX Font Info:    Redeclaring font encoding OMS on input line 744.
\macc@depth=\count355
\c@MaxMatrixCols=\count356
\dotsspace@=\muskip16
\c@parentequation=\count357
\dspbrk@lvl=\count358
\tag@help=\toks34
\row@=\count359
\column@=\count360
\maxfields@=\count361
\andhelp@=\toks35
\eqnshift@=\dimen199
\alignsep@=\dimen256
\tagshift@=\dimen257
\tagwidth@=\dimen258
\totwidth@=\dimen259
\lineht@=\dimen260
\@envbody=\toks36
\multlinegap=\skip266
\multlinetaggap=\skip267
\mathdisplay@stack=\toks37
LaTeX Info: Redefining \[ on input line 2938.
LaTeX Info: Redefining \] on input line 2939.
)
(/usr/share/texlive/texmf-dist/tex/latex/amsfonts/amssymb.sty
Package: amssymb 2013/01/14 v3.01 AMS font symbols

(/usr/share/texlive/texmf-dist/tex/latex/amsfonts/amsfonts.sty
Package: amsfonts 2013/01/14 v3.01 Basic AMSFonts support
\symAMSa=\mathgroup4
\symAMSb=\mathgroup5
LaTeX Font Info:    Redeclaring math symbol \hbar on input line 98.
LaTeX Font Info:    Overwriting math alphabet `\mathfrak' in version `bold'
(Font)                  U/euf/m/n --> U/euf/b/n on input line 106.
))
(/usr/share/texlive/texmf-dist/tex/latex/mathtools/mathtools.sty
Package: mathtools 2021/02/02 v1.28 mathematical typesetting tools

(/usr/share/texlive/texmf-dist/tex/latex/mathtools/mhsetup.sty
Package: mhsetup 2021/03/18 v1.4 programming setup (MH)
)
\g_MT_multlinerow_int=\count362
\l_MT_multwidth_dim=\dimen261
\origjot=\skip268
\l_MT_shortvdotswithinadjustabove_dim=\dimen262
\l_MT_shortvdotswithinadjustbelow_dim=\dimen263
\l_MT_above_intertext_sep=\dimen264
\l_MT_below_intertext_sep=\dimen265
\l_MT_above_shortintertext_sep=\dimen266
\l_MT_below_shortintertext_sep=\dimen267
\xmathstrut@box=\box57
\xmathstrut@dim=\dimen268
)
(/usr/share/texlive/texmf-dist/tex/latex/microtype/microtype.sty
Package: microtype 2021/12/10 v3.0b Micro-typographical refinements (RS)
\MT@toks=\toks38
\MT@count=\count363
\MT@tempbox=\box58
LaTeX Info: Redefining \leftprotrusion on input line 1010.
LaTeX Info: Redefining \rightprotrusion on input line 1018.
LaTeX Info: Redefining \textls on input line 1173.
\MT@outer@kern=\dimen269
LaTeX Info: Redefining \textmicrotypecontext on input line 1759.
\MT@listname@count=\count364

(/usr/share/texlive/texmf-dist/tex/latex/microtype/microtype-pdftex.def
File: microtype-pdftex.def 2021/12/10 v3.0b Definitions specific to pdftex (RS)

LaTeX Info: Redefining \lsstyle on input line 897.
LaTeX Info: Redefining \lslig on input line 897.
\MT@outer@space=\skip269
)
Package microtype Info: Loading configuration file microtype.cfg.

(/usr/share/texlive/texmf-dist/tex/latex/microtype/microtype.cfg
File: microtype.cfg 2021/12/10 v3.0b microtype main configuration file (RS)
))
(/usr/share/texlive/texmf-dist/tex/latex/enumitem/enumitem.sty
Package: enumitem 2019/06/20 v3.9 Customized lists
\labelindent=\skip270
\enit@outerparindent=\dimen270
\enit@toks=\toks39
\enit@inbox=\box59
\enit@count@id=\count365
\enitdp@description=\count366
)
(/usr/share/texlive/texmf-dist/tex/latex/multirow/multirow.sty
Package: multirow 2021/03/15 v2.8 Span multiple rows of a table
\multirow@colwidth=\skip271
\multirow@cntb=\count367
\multirow@dima=\skip272
\bigstrutjot=\dimen271
)
(/usr/share/texlive/texmf-dist/tex/latex/caption/subcaption.sty
Package: subcaption 2020/10/07 v1.3j Sub-captions (AR)

(/usr/share/texlive/texmf-dist/tex/latex/caption/caption.sty
Package: caption 2020/10/26 v3.5g Customizing captions (AR)

(/usr/share/texlive/texmf-dist/tex/latex/caption/caption3.sty
Package: caption3 2020/10/21 v2.2e caption3 kernel (AR)
\captionmargin=\dimen272
\captionmargin@=\dimen273
\captionwidth=\dimen274
\caption@tempdima=\dimen275
\caption@indent=\dimen276
\caption@parindent=\dimen277
\caption@hangindent=\dimen278
Package caption Info: memoir document class detected.

(/usr/share/texlive/texmf-dist/tex/latex/caption/caption-memoir.sto
File: caption-memoir.sto 2020/10/10 v2.1 Adaption of the caption package to the
 memoir document class (AR)
))
\c@caption@flags=\count368
\c@continuedfloat=\count369
Package caption Info: changepage package is loaded.
\caption@adjustwidth@hsize=\dimen279
\caption@adjustwidth@linewidth=\dimen280
)
\c@subfigure=\count370
\c@subtable=\count371
)
(/usr/share/texlive/texmf-dist/tex/latex/algorithm2e/algorithm2e.sty
Package: algorithm2e 2017/07/18 v5.2 algorithms environments
\c@AlgoLine=\count372
\algocf@hangindent=\skip273

(/usr/share/texlive/texmf-dist/tex/latex/ifoddpage/ifoddpage.sty
Package: ifoddpage 2016/04/23 v1.1 Conditionals for odd/even page detection
\c@checkoddpage=\count373
LaTeX Info: Redefining \checkoddpage on input line 45.
)
(/usr/share/texlive/texmf-dist/tex/latex/tools/xspace.sty
Package: xspace 2014/10/28 v1.13 Space after command names (DPC,MH)
)
(/usr/share/texlive/texmf-dist/tex/latex/relsize/relsize.sty
Package: relsize 2013/03/29 ver 4.1
)
\skiptotal=\skip274
\skiplinenumber=\skip275
\skiprule=\skip276
\skiphlne=\skip277
\skiptext=\skip278
\skiplength=\skip279
\algomargin=\skip280
\skipalgocfslide=\skip281
\algowidth=\dimen281
\inoutsize=\dimen282
\inoutindent=\dimen283
\interspacetitleruled=\dimen284
\interspacealgoruled=\dimen285
\interspacetitleboxruled=\dimen286
\algocf@ruledwidth=\skip282
\algocf@inoutbox=\box60
\algocf@inputbox=\box61
\AlCapSkip=\skip283
\AlCapHSkip=\skip284
\algoskipindent=\skip285
\algocf@nlbox=\box62
\algocf@hangingbox=\box63
\algocf@untilbox=\box64
\algocf@skipuntil=\skip286
\algocf@capbox=\box65
\algocf@lcaptionbox=\skip287
\algoheightruledefault=\skip288
\algoheightrule=\skip289
\algotitleheightruledefault=\skip290
\algotitleheightrule=\skip291
\c@algocfline=\count374
\c@algocfproc=\count375
\c@algocf=\count376
\algocf@algoframe=\box66
\algocf@algobox=\box67
)
(/usr/share/texlive/texmf-dist/tex/latex/xcolor/xcolor.sty
Package: xcolor 2021/10/31 v2.13 LaTeX color extensions (UK)

(/usr/share/texlive/texmf-dist/tex/latex/graphics-cfg/color.cfg
File: color.cfg 2016/01/02 v1.6 sample color configuration
)
Package xcolor Info: Package option `usenames' ignored on input line 218.
Package xcolor Info: Driver file: pdftex.def on input line 227.

(/usr/share/texlive/texmf-dist/tex/latex/colortbl/colortbl.sty
Package: colortbl 2020/01/04 v1.0e Color table columns (DPC)
\everycr=\toks40
\minrowclearance=\skip292
)
\rownum=\count377
Package xcolor Info: Model `cmy' substituted by `cmy0' on input line 1352.
Package xcolor Info: Model `hsb' substituted by `rgb' on input line 1356.
Package xcolor Info: Model `RGB' extended on input line 1368.
Package xcolor Info: Model `HTML' substituted by `rgb' on input line 1370.
Package xcolor Info: Model `Hsb' substituted by `hsb' on input line 1371.
Package xcolor Info: Model `tHsb' substituted by `hsb' on input line 1372.
Package xcolor Info: Model `HSB' substituted by `hsb' on input line 1373.
Package xcolor Info: Model `Gray' substituted by `gray' on input line 1374.
Package xcolor Info: Model `wave' substituted by `hsb' on input line 1375.

(/usr/share/texlive/texmf-dist/tex/latex/graphics/dvipsnam.def
File: dvipsnam.def 2016/06/17 v3.0m Driver-dependent file (DPC,SPQR)
))
(/usr/share/texlive/texmf-dist/tex/latex/nag/nag.sty
Package: nag 2011/11/25 0.7 warning about old commands (ulmi)
\c@nag@c=\count378
\c@nag@sins=\count379
)
(/usr/share/texlive/texmf-dist/tex/latex/todonotes/todonotes.sty
Package: todonotes 2021/06/04 v1.1.5 Todonotes source and documentation.
Package: todonotes 2021/06/04

(/usr/share/texlive/texmf-dist/tex/latex/pgf/frontendlayer/tikz.sty
(/usr/share/texlive/texmf-dist/tex/latex/pgf/basiclayer/pgf.sty
(/usr/share/texlive/texmf-dist/tex/latex/pgf/utilities/pgfrcs.sty
(/usr/share/texlive/texmf-dist/tex/generic/pgf/utilities/pgfutil-common.tex
\pgfutil@everybye=\toks41
\pgfutil@tempdima=\dimen287
\pgfutil@tempdimb=\dimen288

(/usr/share/texlive/texmf-dist/tex/generic/pgf/utilities/pgfutil-common-lists.t
ex)) (/usr/share/texlive/texmf-dist/tex/generic/pgf/utilities/pgfutil-latex.def
\pgfutil@abb=\box68
) (/usr/share/texlive/texmf-dist/tex/generic/pgf/utilities/pgfrcs.code.tex
(/usr/share/texlive/texmf-dist/tex/generic/pgf/pgf.revision.tex)
Package: pgfrcs 2021/05/15 v3.1.9a (3.1.9a)
))
Package: pgf 2021/05/15 v3.1.9a (3.1.9a)

(/usr/share/texlive/texmf-dist/tex/latex/pgf/basiclayer/pgfcore.sty
(/usr/share/texlive/texmf-dist/tex/latex/pgf/systemlayer/pgfsys.sty
(/usr/share/texlive/texmf-dist/tex/generic/pgf/systemlayer/pgfsys.code.tex
Package: pgfsys 2021/05/15 v3.1.9a (3.1.9a)

(/usr/share/texlive/texmf-dist/tex/generic/pgf/utilities/pgfkeys.code.tex
\pgfkeys@pathtoks=\toks42
\pgfkeys@temptoks=\toks43

(/usr/share/texlive/texmf-dist/tex/generic/pgf/utilities/pgfkeysfiltered.code.t
ex
\pgfkeys@tmptoks=\toks44
))
\pgf@x=\dimen289
\pgf@y=\dimen290
\pgf@xa=\dimen291
\pgf@ya=\dimen292
\pgf@xb=\dimen293
\pgf@yb=\dimen294
\pgf@xc=\dimen295
\pgf@yc=\dimen296
\pgf@xd=\dimen297
\pgf@yd=\dimen298
\w@pgf@writea=\write4
\r@pgf@reada=\read4
\c@pgf@counta=\count380
\c@pgf@countb=\count381
\c@pgf@countc=\count382
\c@pgf@countd=\count383
\t@pgf@toka=\toks45
\t@pgf@tokb=\toks46
\t@pgf@tokc=\toks47
\pgf@sys@id@count=\count384
 (/usr/share/texlive/texmf-dist/tex/generic/pgf/systemlayer/pgf.cfg
File: pgf.cfg 2021/05/15 v3.1.9a (3.1.9a)
)
Driver file for pgf: pgfsys-pdftex.def

(/usr/share/texlive/texmf-dist/tex/generic/pgf/systemlayer/pgfsys-pdftex.def
File: pgfsys-pdftex.def 2021/05/15 v3.1.9a (3.1.9a)

(/usr/share/texlive/texmf-dist/tex/generic/pgf/systemlayer/pgfsys-common-pdf.de
f
File: pgfsys-common-pdf.def 2021/05/15 v3.1.9a (3.1.9a)
)))
(/usr/share/texlive/texmf-dist/tex/generic/pgf/systemlayer/pgfsyssoftpath.code.
tex
File: pgfsyssoftpath.code.tex 2021/05/15 v3.1.9a (3.1.9a)
\pgfsyssoftpath@smallbuffer@items=\count385
\pgfsyssoftpath@bigbuffer@items=\count386
)
(/usr/share/texlive/texmf-dist/tex/generic/pgf/systemlayer/pgfsysprotocol.code.
tex
File: pgfsysprotocol.code.tex 2021/05/15 v3.1.9a (3.1.9a)
))
(/usr/share/texlive/texmf-dist/tex/generic/pgf/basiclayer/pgfcore.code.tex
Package: pgfcore 2021/05/15 v3.1.9a (3.1.9a)

(/usr/share/texlive/texmf-dist/tex/generic/pgf/math/pgfmath.code.tex
(/usr/share/texlive/texmf-dist/tex/generic/pgf/math/pgfmathcalc.code.tex
(/usr/share/texlive/texmf-dist/tex/generic/pgf/math/pgfmathutil.code.tex)
(/usr/share/texlive/texmf-dist/tex/generic/pgf/math/pgfmathparser.code.tex
\pgfmath@dimen=\dimen299
\pgfmath@count=\count387
\pgfmath@box=\box69
\pgfmath@toks=\toks48
\pgfmath@stack@operand=\toks49
\pgfmath@stack@operation=\toks50
)
(/usr/share/texlive/texmf-dist/tex/generic/pgf/math/pgfmathfunctions.code.tex
(/usr/share/texlive/texmf-dist/tex/generic/pgf/math/pgfmathfunctions.basic.code
.tex)
(/usr/share/texlive/texmf-dist/tex/generic/pgf/math/pgfmathfunctions.trigonomet
ric.code.tex)
(/usr/share/texlive/texmf-dist/tex/generic/pgf/math/pgfmathfunctions.random.cod
e.tex)
(/usr/share/texlive/texmf-dist/tex/generic/pgf/math/pgfmathfunctions.comparison
.code.tex)
(/usr/share/texlive/texmf-dist/tex/generic/pgf/math/pgfmathfunctions.base.code.
tex)
(/usr/share/texlive/texmf-dist/tex/generic/pgf/math/pgfmathfunctions.round.code
.tex)
(/usr/share/texlive/texmf-dist/tex/generic/pgf/math/pgfmathfunctions.misc.code.
tex)
(/usr/share/texlive/texmf-dist/tex/generic/pgf/math/pgfmathfunctions.integerari
thmetics.code.tex)))
(/usr/share/texlive/texmf-dist/tex/generic/pgf/math/pgfmathfloat.code.tex
\c@pgfmathroundto@lastzeros=\count388
))
(/usr/share/texlive/texmf-dist/tex/generic/pgf/math/pgfint.code.tex)
(/usr/share/texlive/texmf-dist/tex/generic/pgf/basiclayer/pgfcorepoints.code.te
x
File: pgfcorepoints.code.tex 2021/05/15 v3.1.9a (3.1.9a)
\pgf@picminx=\dimen300
\pgf@picmaxx=\dimen301
\pgf@picminy=\dimen302
\pgf@picmaxy=\dimen303
\pgf@pathminx=\dimen304
\pgf@pathmaxx=\dimen305
\pgf@pathminy=\dimen306
\pgf@pathmaxy=\dimen307
\pgf@xx=\dimen308
\pgf@xy=\dimen309
\pgf@yx=\dimen310
\pgf@yy=\dimen311
\pgf@zx=\dimen312
\pgf@zy=\dimen313
)
(/usr/share/texlive/texmf-dist/tex/generic/pgf/basiclayer/pgfcorepathconstruct.
code.tex
File: pgfcorepathconstruct.code.tex 2021/05/15 v3.1.9a (3.1.9a)
\pgf@path@lastx=\dimen314
\pgf@path@lasty=\dimen315
)
(/usr/share/texlive/texmf-dist/tex/generic/pgf/basiclayer/pgfcorepathusage.code
.tex
File: pgfcorepathusage.code.tex 2021/05/15 v3.1.9a (3.1.9a)
\pgf@shorten@end@additional=\dimen316
\pgf@shorten@start@additional=\dimen317
)
(/usr/share/texlive/texmf-dist/tex/generic/pgf/basiclayer/pgfcorescopes.code.te
x
File: pgfcorescopes.code.tex 2021/05/15 v3.1.9a (3.1.9a)
\pgfpic=\box70
\pgf@hbox=\box71
\pgf@layerbox@main=\box72
\pgf@picture@serial@count=\count389
)
(/usr/share/texlive/texmf-dist/tex/generic/pgf/basiclayer/pgfcoregraphicstate.c
ode.tex
File: pgfcoregraphicstate.code.tex 2021/05/15 v3.1.9a (3.1.9a)
\pgflinewidth=\dimen318
)
(/usr/share/texlive/texmf-dist/tex/generic/pgf/basiclayer/pgfcoretransformation
s.code.tex
File: pgfcoretransformations.code.tex 2021/05/15 v3.1.9a (3.1.9a)
\pgf@pt@x=\dimen319
\pgf@pt@y=\dimen320
\pgf@pt@temp=\dimen321
)
(/usr/share/texlive/texmf-dist/tex/generic/pgf/basiclayer/pgfcorequick.code.tex
File: pgfcorequick.code.tex 2021/05/15 v3.1.9a (3.1.9a)
)
(/usr/share/texlive/texmf-dist/tex/generic/pgf/basiclayer/pgfcoreobjects.code.t
ex
File: pgfcoreobjects.code.tex 2021/05/15 v3.1.9a (3.1.9a)
)
(/usr/share/texlive/texmf-dist/tex/generic/pgf/basiclayer/pgfcorepathprocessing
.code.tex
File: pgfcorepathprocessing.code.tex 2021/05/15 v3.1.9a (3.1.9a)
)
(/usr/share/texlive/texmf-dist/tex/generic/pgf/basiclayer/pgfcorearrows.code.te
x
File: pgfcorearrows.code.tex 2021/05/15 v3.1.9a (3.1.9a)
\pgfarrowsep=\dimen322
)
(/usr/share/texlive/texmf-dist/tex/generic/pgf/basiclayer/pgfcoreshade.code.tex
File: pgfcoreshade.code.tex 2021/05/15 v3.1.9a (3.1.9a)
\pgf@max=\dimen323
\pgf@sys@shading@range@num=\count390
\pgf@shadingcount=\count391
)
(/usr/share/texlive/texmf-dist/tex/generic/pgf/basiclayer/pgfcoreimage.code.tex
File: pgfcoreimage.code.tex 2021/05/15 v3.1.9a (3.1.9a)

(/usr/share/texlive/texmf-dist/tex/generic/pgf/basiclayer/pgfcoreexternal.code.
tex
File: pgfcoreexternal.code.tex 2021/05/15 v3.1.9a (3.1.9a)
\pgfexternal@startupbox=\box73
))
(/usr/share/texlive/texmf-dist/tex/generic/pgf/basiclayer/pgfcorelayers.code.te
x
File: pgfcorelayers.code.tex 2021/05/15 v3.1.9a (3.1.9a)
)
(/usr/share/texlive/texmf-dist/tex/generic/pgf/basiclayer/pgfcoretransparency.c
ode.tex
File: pgfcoretransparency.code.tex 2021/05/15 v3.1.9a (3.1.9a)
)
(/usr/share/texlive/texmf-dist/tex/generic/pgf/basiclayer/pgfcorepatterns.code.
tex
File: pgfcorepatterns.code.tex 2021/05/15 v3.1.9a (3.1.9a)
)
(/usr/share/texlive/texmf-dist/tex/generic/pgf/basiclayer/pgfcorerdf.code.tex
File: pgfcorerdf.code.tex 2021/05/15 v3.1.9a (3.1.9a)
)))
(/usr/share/texlive/texmf-dist/tex/generic/pgf/modules/pgfmoduleshapes.code.tex
File: pgfmoduleshapes.code.tex 2021/05/15 v3.1.9a (3.1.9a)
\pgfnodeparttextbox=\box74
) (/usr/share/texlive/texmf-dist/tex/generic/pgf/modules/pgfmoduleplot.code.tex
File: pgfmoduleplot.code.tex 2021/05/15 v3.1.9a (3.1.9a)
)
(/usr/share/texlive/texmf-dist/tex/latex/pgf/compatibility/pgfcomp-version-0-65
.sty
Package: pgfcomp-version-0-65 2021/05/15 v3.1.9a (3.1.9a)
\pgf@nodesepstart=\dimen324
\pgf@nodesepend=\dimen325
)
(/usr/share/texlive/texmf-dist/tex/latex/pgf/compatibility/pgfcomp-version-1-18
.sty
Package: pgfcomp-version-1-18 2021/05/15 v3.1.9a (3.1.9a)
)) (/usr/share/texlive/texmf-dist/tex/latex/pgf/utilities/pgffor.sty
(/usr/share/texlive/texmf-dist/tex/latex/pgf/utilities/pgfkeys.sty
(/usr/share/texlive/texmf-dist/tex/generic/pgf/utilities/pgfkeys.code.tex))
(/usr/share/texlive/texmf-dist/tex/latex/pgf/math/pgfmath.sty
(/usr/share/texlive/texmf-dist/tex/generic/pgf/math/pgfmath.code.tex))
(/usr/share/texlive/texmf-dist/tex/generic/pgf/utilities/pgffor.code.tex
Package: pgffor 2021/05/15 v3.1.9a (3.1.9a)

(/usr/share/texlive/texmf-dist/tex/generic/pgf/math/pgfmath.code.tex)
\pgffor@iter=\dimen326
\pgffor@skip=\dimen327
\pgffor@stack=\toks51
\pgffor@toks=\toks52
))
(/usr/share/texlive/texmf-dist/tex/generic/pgf/frontendlayer/tikz/tikz.code.tex
Package: tikz 2021/05/15 v3.1.9a (3.1.9a)

(/usr/share/texlive/texmf-dist/tex/generic/pgf/libraries/pgflibraryplothandlers
.code.tex
File: pgflibraryplothandlers.code.tex 2021/05/15 v3.1.9a (3.1.9a)
\pgf@plot@mark@count=\count392
\pgfplotmarksize=\dimen328
)
\tikz@lastx=\dimen329
\tikz@lasty=\dimen330
\tikz@lastxsaved=\dimen331
\tikz@lastysaved=\dimen332
\tikz@lastmovetox=\dimen333
\tikz@lastmovetoy=\dimen334
\tikzleveldistance=\dimen335
\tikzsiblingdistance=\dimen336
\tikz@figbox=\box75
\tikz@figbox@bg=\box76
\tikz@tempbox=\box77
\tikz@tempbox@bg=\box78
\tikztreelevel=\count393
\tikznumberofchildren=\count394
\tikznumberofcurrentchild=\count395
\tikz@fig@count=\count396

(/usr/share/texlive/texmf-dist/tex/generic/pgf/modules/pgfmodulematrix.code.tex
File: pgfmodulematrix.code.tex 2021/05/15 v3.1.9a (3.1.9a)
\pgfmatrixcurrentrow=\count397
\pgfmatrixcurrentcolumn=\count398
\pgf@matrix@numberofcolumns=\count399
)
\tikz@expandcount=\count400

(/usr/share/texlive/texmf-dist/tex/generic/pgf/frontendlayer/tikz/libraries/tik
zlibrarytopaths.code.tex
File: tikzlibrarytopaths.code.tex 2021/05/15 v3.1.9a (3.1.9a)
)))
(/usr/share/texlive/texmf-dist/tex/generic/pgf/frontendlayer/tikz/libraries/tik
zlibrarypositioning.code.tex
File: tikzlibrarypositioning.code.tex 2021/05/15 v3.1.9a (3.1.9a)
)
\c@@todonotes@numberoftodonotes=\count401
)
(/usr/share/texlive/texmf-dist/tex/latex/natbib/natbib.sty
Package: natbib 2010/09/13 8.31b (PWD, AO)
\bibhang=\skip293
\bibsep=\skip294
LaTeX Info: Redefining \cite on input line 694.
\c@NAT@ctr=\count402
)
(/usr/share/texlive/texmf-dist/tex/latex/hyperref/hyperref.sty
Package: hyperref 2021-06-07 v7.00m Hypertext links for LaTeX

(/usr/share/texlive/texmf-dist/tex/generic/ltxcmds/ltxcmds.sty
Package: ltxcmds 2020-05-10 v1.25 LaTeX kernel commands for general use (HO)
)
(/usr/share/texlive/texmf-dist/tex/generic/pdftexcmds/pdftexcmds.sty
Package: pdftexcmds 2020-06-27 v0.33 Utility functions of pdfTeX for LuaTeX (HO
)

(/usr/share/texlive/texmf-dist/tex/generic/infwarerr/infwarerr.sty
Package: infwarerr 2019/12/03 v1.5 Providing info/warning/error messages (HO)
)
Package pdftexcmds Info: \pdf@primitive is available.
Package pdftexcmds Info: \pdf@ifprimitive is available.
Package pdftexcmds Info: \pdfdraftmode found.
)
(/usr/share/texlive/texmf-dist/tex/generic/kvsetkeys/kvsetkeys.sty
Package: kvsetkeys 2019/12/15 v1.18 Key value parser (HO)
)
(/usr/share/texlive/texmf-dist/tex/generic/kvdefinekeys/kvdefinekeys.sty
Package: kvdefinekeys 2019-12-19 v1.6 Define keys (HO)
)
(/usr/share/texlive/texmf-dist/tex/generic/pdfescape/pdfescape.sty
Package: pdfescape 2019/12/09 v1.15 Implements pdfTeX's escape features (HO)
)
(/usr/share/texlive/texmf-dist/tex/latex/hycolor/hycolor.sty
Package: hycolor 2020-01-27 v1.10 Color options for hyperref/bookmark (HO)
)
(/usr/share/texlive/texmf-dist/tex/latex/letltxmacro/letltxmacro.sty
Package: letltxmacro 2019/12/03 v1.6 Let assignment for LaTeX macros (HO)
)
(/usr/share/texlive/texmf-dist/tex/latex/auxhook/auxhook.sty
Package: auxhook 2019-12-17 v1.6 Hooks for auxiliary files (HO)
)
(/usr/share/texlive/texmf-dist/tex/latex/kvoptions/kvoptions.sty
Package: kvoptions 2020-10-07 v3.14 Key value format for package options (HO)
)
\@linkdim=\dimen337
\Hy@linkcounter=\count403
\Hy@pagecounter=\count404

(/usr/share/texlive/texmf-dist/tex/latex/hyperref/pd1enc.def
File: pd1enc.def 2021-06-07 v7.00m Hyperref: PDFDocEncoding definition (HO)
Now handling font encoding PD1 ...
... no UTF-8 mapping file for font encoding PD1
)
(/usr/share/texlive/texmf-dist/tex/latex/hyperref/hyperref-langpatches.def
File: hyperref-langpatches.def 2021-06-07 v7.00m Hyperref: patches for babel la
nguages
)
(/usr/share/texlive/texmf-dist/tex/generic/intcalc/intcalc.sty
Package: intcalc 2019/12/15 v1.3 Expandable calculations with integers (HO)
)
(/usr/share/texlive/texmf-dist/tex/generic/etexcmds/etexcmds.sty
Package: etexcmds 2019/12/15 v1.7 Avoid name clashes with e-TeX commands (HO)
)
\Hy@SavedSpaceFactor=\count405

(/usr/share/texlive/texmf-dist/tex/latex/hyperref/puenc.def
File: puenc.def 2021-06-07 v7.00m Hyperref: PDF Unicode definition (HO)
Now handling font encoding PU ...
... no UTF-8 mapping file for font encoding PU
)
Package hyperref Info: Option `draft' set `true' on input line 4073.
Package hyperref Info: Option `final' set `true' on input line 4073.
Package hyperref Info: Hyper figures OFF on input line 4192.
Package hyperref Info: Link nesting OFF on input line 4197.
Package hyperref Info: Hyper index ON on input line 4200.
Package hyperref Info: Plain pages OFF on input line 4207.
Package hyperref Info: Backreferencing OFF on input line 4212.
Package hyperref Info: Implicit mode ON; LaTeX internals redefined.
Package hyperref Info: Bookmarks ON on input line 4445.
\c@Hy@tempcnt=\count406

(/usr/share/texlive/texmf-dist/tex/latex/url/url.sty
\Urlmuskip=\muskip17
Package: url 2013/09/16  ver 3.4  Verb mode for urls, etc.
)
LaTeX Info: Redefining \url on input line 4804.
\XeTeXLinkMargin=\dimen338

(/usr/share/texlive/texmf-dist/tex/generic/bitset/bitset.sty
Package: bitset 2019/12/09 v1.3 Handle bit-vector datatype (HO)

(/usr/share/texlive/texmf-dist/tex/generic/bigintcalc/bigintcalc.sty
Package: bigintcalc 2019/12/15 v1.5 Expandable calculations on big integers (HO
)
))
\Fld@menulength=\count407
\Field@Width=\dimen339
\Fld@charsize=\dimen340
Package hyperref Info: Hyper figures OFF on input line 6076.
Package hyperref Info: Link nesting OFF on input line 6081.
Package hyperref Info: Hyper index ON on input line 6084.
Package hyperref Info: backreferencing OFF on input line 6091.
Package hyperref Info: Link coloring OFF on input line 6096.
Package hyperref Info: Link coloring with OCG OFF on input line 6101.
Package hyperref Info: PDF/A mode OFF on input line 6106.
LaTeX Info: Redefining \ref on input line 6146.
LaTeX Info: Redefining \pageref on input line 6150.

(/usr/share/texlive/texmf-dist/tex/latex/base/atbegshi-ltx.sty
Package: atbegshi-ltx 2021/01/10 v1.0c Emulation of the original atbegshi
package with kernel methods
)
\Hy@abspage=\count408
\c@Item=\count409
\c@Hfootnote=\count410
)
(/usr/share/texlive/texmf-dist/tex/latex/memoir/memhfixc.sty
Package: memhfixc 2021/06/16 v1.19 nameref/hyperref package fixes for memoir cl
ass


LaTeX hooks Warning: Generic hook 'package/after/nameref' is deprecated.
(hooks)              Use hook 'package/nameref/after' instead.

\c@memhycontfloat=\count411
\c@Hpagenote=\count412

LaTeX hooks Warning: Generic hook 'package/after/hypcap' is deprecated.
(hooks)              Use hook 'package/hypcap/after' instead.

)
Package hyperref Info: Driver (autodetected): hpdftex.
 (/usr/share/texlive/texmf-dist/tex/latex/hyperref/hpdftex.def
File: hpdftex.def 2021-06-07 v7.00m Hyperref driver for pdfTeX

(/usr/share/texlive/texmf-dist/tex/latex/base/atveryend-ltx.sty
Package: atveryend-ltx 2020/08/19 v1.0a Emulation of the original atveryend pac
kage
with kernel methods
)
\Fld@listcount=\count413
\c@bookmark@seq@number=\count414

(/usr/share/texlive/texmf-dist/tex/latex/rerunfilecheck/rerunfilecheck.sty
Package: rerunfilecheck 2019/12/05 v1.9 Rerun checks for auxiliary files (HO)

(/usr/share/texlive/texmf-dist/tex/generic/uniquecounter/uniquecounter.sty
Package: uniquecounter 2019/12/15 v1.4 Provide unlimited unique counter (HO)
)
Package uniquecounter Info: New unique counter `rerunfilecheck' on input line 2
86.
)
\Hy@SectionHShift=\skip295
)
(/usr/share/texlive/texmf-dist/tex/latex/glossaries/base/glossaries.sty
Package: glossaries 2021/11/01 v4.49 (NLCT)

(/usr/share/texlive/texmf-dist/tex/latex/mfirstuc/mfirstuc.sty
Package: mfirstuc 2021/10/15 v2.07 (NLCT)
\@glsmfirst=\toks53
\@glsmrest=\toks54
)
(/usr/share/texlive/texmf-dist/tex/latex/xfor/xfor.sty
Package: xfor 2009/02/05 v1.05 (NLCT)
)
(/usr/share/texlive/texmf-dist/tex/latex/datatool/datatool-base.sty
Package: datatool-base 2019/09/27 v2.32 (NLCT)

(/usr/share/texlive/texmf-dist/tex/latex/substr/substr.sty
Package: substr 2009/10/20 v1.2 Handle substrings
\c@su@anzahl=\count415
)
(/usr/share/texlive/texmf-dist/tex/latex/datatool/datatool-fp.sty
Package: datatool-fp 2019/09/27 v2.32 (NLCT)

(/usr/share/texlive/texmf-dist/tex/latex/fp/fp.sty
Package: fp 1995/04/02

`Fixed Point Package', Version 0.8, April 2, 1995 (C) Michael Mehlich
(/usr/share/texlive/texmf-dist/tex/latex/fp/defpattern.sty
Package: defpattern 1994/10/12
\actioncount=\count416
)
(/usr/share/texlive/texmf-dist/tex/latex/fp/fp-basic.sty
Package: fp-basic 1996/05/13
\FP@xs=\count417
\FP@xia=\count418
\FP@xib=\count419
\FP@xfa=\count420
\FP@xfb=\count421
\FP@rega=\count422
\FP@regb=\count423
\FP@regs=\count424
\FP@times=\count425
)
(/usr/share/texlive/texmf-dist/tex/latex/fp/fp-addons.sty
Package: fp-addons 1995/03/15
)
(/usr/share/texlive/texmf-dist/tex/latex/fp/fp-snap.sty
Package: fp-snap 1995/04/05
)
(/usr/share/texlive/texmf-dist/tex/latex/fp/fp-exp.sty
Package: fp-exp 1995/04/03
)
(/usr/share/texlive/texmf-dist/tex/latex/fp/fp-trigo.sty
Package: fp-trigo 1995/04/14
)
(/usr/share/texlive/texmf-dist/tex/latex/fp/fp-pas.sty
Package: fp-pas 1994/08/29
)
(/usr/share/texlive/texmf-dist/tex/latex/fp/fp-random.sty
Package: fp-random 1995/02/23
\FPseed=\count426
)
(/usr/share/texlive/texmf-dist/tex/latex/fp/fp-eqn.sty
Package: fp-eqn 1995/04/03
)
(/usr/share/texlive/texmf-dist/tex/latex/fp/fp-upn.sty
Package: fp-upn 1996/10/21
)
(/usr/share/texlive/texmf-dist/tex/latex/fp/fp-eval.sty
Package: fp-eval 1995/04/03
)))
\@dtl@toks=\toks55
\@dtl@tmpcount=\count427
\dtl@tmplength=\skip296
\dtl@sortresult=\count428
\@dtl@numgrpsepcount=\count429
\@dtl@datatype=\count430
\dtl@codeA=\count431
\dtl@codeB=\count432
\@dtl@foreach@level=\count433
)
(/usr/share/texlive/texmf-dist/tex/latex/glossaries/base/glossaries-compatible-
307.sty
Package: glossaries-compatible-307 2021/11/01 v4.49 (NLCT)
) (/usr/share/texlive/texmf-dist/tex/latex/tracklang/tracklang.sty
Package: tracklang 2020/06/30 v1.5 (NLCT) Track Languages

(/usr/share/texlive/texmf-dist/tex/generic/tracklang/tracklang.tex))
(/usr/share/texlive/texmf-dist/tex/latex/translator/translator.sty
Package: translator 2021-05-31 v1.12d Easy translation of strings in LaTeX
)
(/usr/share/texlive/texmf-dist/tex/latex/glossaries-german/glossaries-german.ld
f
File: glossaries-german.ldf 2014/11/23 v1.0
)
(/usr/share/texlive/texmf-dist/tex/latex/glossaries-english/glossaries-english.
ldf
File: glossaries-english.ldf 2014/11/23 v1.0
)
\gls@level=\count434
\@gls@tmpb=\toks56
\gls@tmplen=\skip297


Package glossaries Warning: Overriding \printglossary on input line 6052.


Package glossaries Warning: Overriding `theglossary' environment on input line 
6658.

\glskeylisttok=\toks57
\glslabeltok=\toks58
\glsshorttok=\toks59
\glslongtok=\toks60

(/usr/share/texlive/texmf-dist/tex/latex/glossaries/styles/glossary-hypernav.st
y
Package: glossary-hypernav 2021/11/01 v4.49 (NLCT)
) (/usr/share/texlive/texmf-dist/tex/latex/glossaries/styles/glossary-list.sty
Package: glossary-list 2021/11/01 v4.49 (NLCT)
\glslistdottedwidth=\skip298
) (/usr/share/texlive/texmf-dist/tex/latex/glossaries/styles/glossary-long.sty
Package: glossary-long 2021/11/01 v4.49 (NLCT)

(/usr/share/texlive/texmf-dist/tex/latex/tools/longtable.sty
Package: longtable 2021-09-01 v4.17 Multi-page Table package (DPC)
\LTleft=\skip299
\LTright=\skip300
\LTpre=\skip301
\LTpost=\skip302
\LTchunksize=\count435
\LTcapwidth=\dimen341
\LT@head=\box79
\LT@firsthead=\box80
\LT@foot=\box81
\LT@lastfoot=\box82
\LT@gbox=\box83
\LT@cols=\count436
\LT@rows=\count437
\c@LT@tables=\count438
\c@LT@chunks=\count439
\LT@p@ftn=\toks61
)
\glsdescwidth=\skip303
\glspagelistwidth=\skip304
)
(/usr/share/texlive/texmf-dist/tex/latex/glossaries/styles/glossary-super.sty
Package: glossary-super 2021/11/01 v4.49 (NLCT)

(/usr/share/texlive/texmf-dist/tex/latex/supertabular/supertabular.sty
Package: supertabular 2020/02/02 v4.1g the supertabular environment
\c@tracingst=\count440
\ST@wd=\dimen342
\ST@rightskip=\skip305
\ST@leftskip=\skip306
\ST@parfillskip=\skip307
\ST@pageleft=\dimen343
\ST@headht=\dimen344
\ST@tailht=\dimen345
\ST@pagesofar=\dimen346
\ST@pboxht=\dimen347
\ST@lineht=\dimen348
\ST@prevht=\dimen349
\ST@toadd=\dimen350
\ST@dimen=\dimen351
\ST@pbox=\box84
))
(/usr/share/texlive/texmf-dist/tex/latex/glossaries/styles/glossary-tree.sty
Package: glossary-tree 2021/11/01 v4.49 (NLCT)
\glstreeindent=\skip308
))
\thesis@idxfile=\write5
\openout5 = `thesis.idx'.


Writing index file thesis.idx 
\glswrite=\write6
\glo@main@file=\write7
\openout7 = `thesis.glo'.

Package glossaries Info: Writing glossary file thesis.glo on input line 51.
\glo@acronym@file=\write8
\openout8 = `thesis.acn'.

Package glossaries Info: Writing glossary file thesis.acn on input line 51.
Package csquotes Info: Checking for multilingual support...
Package csquotes Info: ... found 'babel' package.
Package csquotes Info: Adjusting default style.
Package csquotes Info: Redefining alias 'default' -> 'naustrian'.
(/usr/share/texlive/texmf-dist/tex/latex/l3backend/l3backend-pdftex.def
File: l3backend-pdftex.def 2022-01-12 L3 backend support: PDF output (pdfTeX)
\l__color_backend_stack_int=\count441
\l__pdf_internal_box=\box85
)
(./thesis.aux

LaTeX Warning: Label `fig:UseCase' multiply defined.

)
\openout1 = `thesis.aux'.

LaTeX Font Info:    Checking defaults for OML/cmm/m/it on input line 102.
LaTeX Font Info:    ... okay on input line 102.
LaTeX Font Info:    Checking defaults for OMS/cmsy/m/n on input line 102.
LaTeX Font Info:    ... okay on input line 102.
LaTeX Font Info:    Checking defaults for OT1/cmr/m/n on input line 102.
LaTeX Font Info:    ... okay on input line 102.
LaTeX Font Info:    Checking defaults for T1/cmr/m/n on input line 102.
LaTeX Font Info:    ... okay on input line 102.
LaTeX Font Info:    Checking defaults for TS1/cmr/m/n on input line 102.
LaTeX Font Info:    ... okay on input line 102.
LaTeX Font Info:    Checking defaults for OMX/cmex/m/n on input line 102.
LaTeX Font Info:    ... okay on input line 102.
LaTeX Font Info:    Checking defaults for U/cmr/m/n on input line 102.
LaTeX Font Info:    ... okay on input line 102.
LaTeX Font Info:    Checking defaults for PD1/pdf/m/n on input line 102.
LaTeX Font Info:    ... okay on input line 102.
LaTeX Font Info:    Checking defaults for PU/pdf/m/n on input line 102.
LaTeX Font Info:    ... okay on input line 102.

*geometry* driver: auto-detecting
*geometry* detected driver: pdftex
*geometry* verbose mode - [ preamble ] result:
* driver: pdftex
* paper: <default>
* layout: <same size as paper>
* layoutoffset:(h,v)=(0.0pt,0.0pt)
* modes: twoside 
* h-part:(L,W,R)=(71.70166pt, 418.25368pt, 107.55254pt)
* v-part:(T,H,B)=(101.40665pt, 591.5302pt, 152.11pt)
* \paperwidth=597.50787pt
* \paperheight=845.04684pt
* \textwidth=418.25368pt
* \textheight=591.5302pt
* \oddsidemargin=-0.56833pt
* \evensidemargin=35.28255pt
* \topmargin=-4.33714pt
* \headheight=13.6pt
* \headsep=19.8738pt
* \topskip=11.0pt
* \footskip=27.46295pt
* \marginparwidth=101.0pt
* \marginparsep=7.0pt
* \columnsep=10.0pt
* \skip\footins=12.0pt plus 4.0pt minus 4.0pt
* \hoffset=0.0pt
* \voffset=0.0pt
* \mag=1000
* \@twocolumnfalse
* \@twosidetrue
* \@mparswitchtrue
* \@reversemarginfalse
* (1in=72.27pt=25.4mm, 1cm=28.453pt)

(/usr/share/texlive/texmf-dist/tex/context/base/mkii/supp-pdf.mkii
[Loading MPS to PDF converter (version 2006.09.02).]
\scratchcounter=\count442
\scratchdimen=\dimen352
\scratchbox=\box86
\nofMPsegments=\count443
\nofMParguments=\count444
\everyMPshowfont=\toks62
\MPscratchCnt=\count445
\MPscratchDim=\dimen353
\MPnumerator=\count446
\makeMPintoPDFobject=\count447
\everyMPtoPDFconversion=\toks63
) (/usr/share/texlive/texmf-dist/tex/latex/epstopdf-pkg/epstopdf-base.sty
Package: epstopdf-base 2020-01-24 v2.11 Base part for package epstopdf
Package epstopdf-base Info: Redefining graphics rule for `.eps' on input line 4
85.

(/usr/share/texlive/texmf-dist/tex/latex/latexconfig/epstopdf-sys.cfg
File: epstopdf-sys.cfg 2010/07/13 v1.3 Configuration of (r)epstopdf for TeX Liv
e
))
LaTeX Info: Redefining \microtypecontext on input line 102.
Package microtype Info: Applying patch `item' on input line 102.
Package microtype Info: Applying patch `toc' on input line 102.
Package microtype Info: Applying patch `eqnum' on input line 102.
Package microtype Info: Applying patch `footnote' on input line 102.
Package microtype Info: Generating PDF output.
Package microtype Info: Character protrusion enabled (level 2).
Package microtype Info: Using default protrusion set `alltext'.
Package microtype Info: Automatic font expansion enabled (level 2),
(microtype)             stretch: 20, shrink: 20, step: 1, non-selected.
Package microtype Info: Using default expansion set `alltext-nott'.
LaTeX Info: Redefining \showhyphens on input line 102.
Package microtype Info: No adjustment of tracking.
Package microtype Info: No adjustment of interword spacing.
Package microtype Info: No adjustment of character kerning.

(/usr/share/texlive/texmf-dist/tex/latex/microtype/mt-cmr.cfg
File: mt-cmr.cfg 2013/05/19 v2.2 microtype config. file: Computer Modern Roman 
(RS)
)
Package caption Info: Begin \AtBeginDocument code.
Package caption Info: hyperref package is loaded.
Package caption Info: longtable package is loaded.

(/usr/share/texlive/texmf-dist/tex/latex/caption/ltcaption.sty
Package: ltcaption 2020/05/30 v1.4b longtable captions (AR)
)
Package caption Info: supertabular package is loaded.
Package caption Info: End \AtBeginDocument code.
Package hyperref Info: Link coloring OFF on input line 102.

(/usr/share/texlive/texmf-dist/tex/latex/hyperref/nameref.sty
Package: nameref 2021-04-02 v2.47 Cross-referencing by name of section

(/usr/share/texlive/texmf-dist/tex/latex/refcount/refcount.sty
Package: refcount 2019/12/15 v3.6 Data extraction from label references (HO)
)
(/usr/share/texlive/texmf-dist/tex/generic/gettitlestring/gettitlestring.sty
Package: gettitlestring 2019/12/15 v1.6 Cleanup title references (HO)
)
\c@section@level=\count448
)
Redoing nameref's sectioning
Redoing nameref's label
LaTeX Info: Redefining \nameref on input line 102.
LaTeX Info: Redefining \ref on input line 102.
LaTeX Info: Redefining \pageref on input line 102.
LaTeX Info: Redefining \nameref on input line 102.
(./thesis.out) (./thesis.out)
\@outlinefile=\write9
\openout9 = `thesis.out'.

 (./thesis.glsdefs)
*geometry* verbose mode - [ newgeometry ] result:
* driver: pdftex
* paper: <default>
* layout: <same size as paper>
* layoutoffset:(h,v)=(0.0pt,0.0pt)
* modes: twoside 
* h-part:(L,W,R)=(68.28644pt, 460.935pt, 68.28644pt)
* v-part:(T,H,B)=(56.9055pt, 717.00946pt, 71.13188pt)
* \paperwidth=597.50787pt
* \paperheight=845.04684pt
* \textwidth=460.935pt
* \textheight=717.00946pt
* \oddsidemargin=-3.98355pt
* \evensidemargin=-3.98355pt
* \topmargin=-12.51921pt
* \headheight=31.29802pt
* \headsep=-34.1433pt
* \topskip=11.0pt
* \footskip=27.46295pt
* \marginparwidth=101.0pt
* \marginparsep=7.0pt
* \columnsep=10.0pt
* \skip\footins=12.0pt plus 4.0pt minus 4.0pt
* \hoffset=0.0pt
* \voffset=0.0pt
* \mag=1000
* \@twocolumnfalse
* \@twosidetrue
* \@mparswitchtrue
* \@reversemarginfalse
* (1in=72.27pt=25.4mm, 1cm=28.453pt)

LaTeX Font Info:    Trying to load font information for T1+lmss on input line 1
08.

(/usr/share/texmf/tex/latex/lm/t1lmss.fd
File: t1lmss.fd 2009/10/30 v1.6 Font defs for Latin Modern
)
Package microtype Info: Loading generic protrusion settings for font family
(microtype)             `lmss' (encoding: T1).
(microtype)             For optimal results, create family-specific settings.
(microtype)             See the microtype manual for details.
LaTeX Font Info:    Trying to load font information for T1+phv on input line 10
8.

(/usr/share/texlive/texmf-dist/tex/latex/psnfss/t1phv.fd
File: t1phv.fd 2020/03/25 scalable font definitions for T1/phv.
)
LaTeX Font Info:    Font shape `T1/phv/m/n' will be
(Font)              scaled to size 10.40245pt on input line 108.
Package microtype Info: Loading generic protrusion settings for font family
(microtype)             `phv' (encoding: T1).
(microtype)             For optimal results, create family-specific settings.
(microtype)             See the microtype manual for details.
LaTeX Font Info:    Font shape `T1/phv/m/n' will be
(Font)              scaled to size 28.49991pt on input line 108.
LaTeX Font Info:    Font shape `T1/phv/bx/n' in size <30> not available
(Font)              Font shape `T1/phv/b/n' tried instead on input line 108.
LaTeX Font Info:    Font shape `T1/phv/b/n' will be
(Font)              scaled to size 28.49991pt on input line 108.
LaTeX Font Info:    Font shape `T1/phv/m/n' will be
(Font)              scaled to size 18.99994pt on input line 108.
LaTeX Font Info:    Font shape `T1/phv/bx/n' in size <20> not available
(Font)              Font shape `T1/phv/b/n' tried instead on input line 108.
LaTeX Font Info:    Font shape `T1/phv/b/n' will be
(Font)              scaled to size 18.99994pt on input line 108.
LaTeX Font Info:    Font shape `T1/phv/m/n' will be
(Font)              scaled to size 16.14995pt on input line 108.
LaTeX Font Info:    Font shape `T1/phv/m/n' will be
(Font)              scaled to size 11.39996pt on input line 108.
LaTeX Font Info:    Font shape `T1/phv/bx/n' in size <17> not available
(Font)              Font shape `T1/phv/b/n' tried instead on input line 108.
LaTeX Font Info:    Font shape `T1/phv/b/n' will be
(Font)              scaled to size 16.14995pt on input line 108.
LaTeX Font Info:    Font shape `T1/phv/m/n' will be
(Font)              scaled to size 13.29996pt on input line 108.
LaTeX Font Info:    Font shape `T1/phv/bx/n' in size <14> not available
(Font)              Font shape `T1/phv/b/n' tried instead on input line 108.
LaTeX Font Info:    Font shape `T1/phv/b/n' will be
(Font)              scaled to size 13.29996pt on input line 108.
LaTeX Font Info:    Font shape `T1/phv/m/n' will be
(Font)              scaled to size 10.44997pt on input line 108.
LaTeX Font Info:    Calculating math sizes for size <11> on input line 108.
LaTeX Font Info:    Trying to load font information for OT1+lmr on input line 1
08.

(/usr/share/texmf/tex/latex/lm/ot1lmr.fd
File: ot1lmr.fd 2009/10/30 v1.6 Font defs for Latin Modern
)
LaTeX Font Info:    Trying to load font information for OML+lmm on input line 1
08.

(/usr/share/texmf/tex/latex/lm/omllmm.fd
File: omllmm.fd 2009/10/30 v1.6 Font defs for Latin Modern
)
LaTeX Font Info:    Trying to load font information for OMS+lmsy on input line 
108.

(/usr/share/texmf/tex/latex/lm/omslmsy.fd
File: omslmsy.fd 2009/10/30 v1.6 Font defs for Latin Modern
)
LaTeX Font Info:    Trying to load font information for OMX+lmex on input line 
108.

(/usr/share/texmf/tex/latex/lm/omxlmex.fd
File: omxlmex.fd 2009/10/30 v1.6 Font defs for Latin Modern
)
LaTeX Font Info:    External font `lmex10' loaded for size
(Font)              <11> on input line 108.
LaTeX Font Info:    External font `lmex10' loaded for size
(Font)              <7.69997> on input line 108.
LaTeX Font Info:    External font `lmex10' loaded for size
(Font)              <5.5> on input line 108.
LaTeX Font Info:    Trying to load font information for U+msa on input line 108
.

(/usr/share/texlive/texmf-dist/tex/latex/amsfonts/umsa.fd
File: umsa.fd 2013/01/14 v3.01 AMS symbols A
)
(/usr/share/texlive/texmf-dist/tex/latex/microtype/mt-msa.cfg
File: mt-msa.cfg 2006/02/04 v1.1 microtype config. file: AMS symbols (a) (RS)
)
LaTeX Font Info:    Trying to load font information for U+msb on input line 108
.

(/usr/share/texlive/texmf-dist/tex/latex/amsfonts/umsb.fd
File: umsb.fd 2013/01/14 v3.01 AMS symbols B
)
(/usr/share/texlive/texmf-dist/tex/latex/microtype/mt-msb.cfg
File: mt-msb.cfg 2005/06/01 v1.0 microtype config. file: AMS symbols (b) (RS)
)
<graphics//Logo-schwarz.pdf, id=199, 380.32086pt x 57.013pt>
File: graphics//Logo-schwarz.pdf Graphic file (type pdf)
<use graphics//Logo-schwarz.pdf>
Package pdftex.def Info: graphics//Logo-schwarz.pdf  used on input line 108.
(pdftex.def)             Requested size: 208.7825pt x 31.29802pt.


Class memoir Warning: The material used in the headers is too large
(35.3779pt) for the given head height (31.29802pt), it is recommended to
either increase the head height or redesign the header
(in both cases you will find help in the memoir manual). on input line 108.


Overfull \vbox (4.07988pt too high) has occurred while \output is active []

LaTeX Font Info:    External font `lmex10' loaded for size
(Font)              <10.95> on input line 108.
LaTeX Font Info:    External font `lmex10' loaded for size
(Font)              <8> on input line 108.
LaTeX Font Info:    External font `lmex10' loaded for size
(Font)              <6> on input line 108.

[1

\openout6 = `thesis.ist'.



{/var/lib/texmf/fonts/map/pdftex/updmap/pdftex.map} <./graphics//Logo-schwarz.p
df>] [2

]
*geometry* verbose mode - [ newgeometry ] result:
* driver: pdftex
* paper: <default>
* layout: <same size as paper>
* layoutoffset:(h,v)=(0.0pt,0.0pt)
* modes: twoside 
* h-part:(L,W,R)=(68.28644pt, 460.935pt, 68.28644pt)
* v-part:(T,H,B)=(56.9055pt, 717.00946pt, 71.13188pt)
* \paperwidth=597.50787pt
* \paperheight=845.04684pt
* \textwidth=460.935pt
* \textheight=717.00946pt
* \oddsidemargin=-3.98355pt
* \evensidemargin=-3.98355pt
* \topmargin=-12.51921pt
* \headheight=31.29802pt
* \headsep=-34.1433pt
* \topskip=11.0pt
* \footskip=27.46295pt
* \marginparwidth=101.0pt
* \marginparsep=7.0pt
* \columnsep=10.0pt
* \skip\footins=12.0pt plus 4.0pt minus 4.0pt
* \hoffset=0.0pt
* \voffset=0.0pt
* \mag=1000
* \@twocolumnfalse
* \@twosidetrue
* \@mparswitchtrue
* \@reversemarginfalse
* (1in=72.27pt=25.4mm, 1cm=28.453pt)

LaTeX Font Info:    Font shape `T1/phv/m/n' will be
(Font)              scaled to size 7.31494pt on input line 109.
File: graphics//Logo-schwarz.pdf Graphic file (type pdf)
<use graphics//Logo-schwarz.pdf>
Package pdftex.def Info: graphics//Logo-schwarz.pdf  used on input line 109.
(pdftex.def)             Requested size: 208.7825pt x 31.29802pt.

Overfull \vbox (4.07988pt too high) has occurred while \output is active []


[3


] [4

]
*geometry* verbose mode - [ newgeometry ] result:
* driver: pdftex
* paper: <default>
* layout: <same size as paper>
* layoutoffset:(h,v)=(0.0pt,0.0pt)
* modes: twoside 
* h-part:(L,W,R)=(68.28644pt, 460.935pt, 68.28644pt)
* v-part:(T,H,B)=(56.9055pt, 717.00946pt, 71.13188pt)
* \paperwidth=597.50787pt
* \paperheight=845.04684pt
* \textwidth=460.935pt
* \textheight=717.00946pt
* \oddsidemargin=-3.98355pt
* \evensidemargin=-3.98355pt
* \topmargin=-12.51921pt
* \headheight=31.29802pt
* \headsep=-34.1433pt
* \topskip=11.0pt
* \footskip=27.46295pt
* \marginparwidth=101.0pt
* \marginparsep=7.0pt
* \columnsep=10.0pt
* \skip\footins=12.0pt plus 4.0pt minus 4.0pt
* \hoffset=0.0pt
* \voffset=0.0pt
* \mag=1000
* \@twocolumnfalse
* \@twosidetrue
* \@mparswitchtrue
* \@reversemarginfalse
* (1in=72.27pt=25.4mm, 1cm=28.453pt)

LaTeX Font Info:    Font shape `T1/phv/bx/n' in size <11> not available
(Font)              Font shape `T1/phv/b/n' tried instead on input line 110.
LaTeX Font Info:    Font shape `T1/phv/b/n' will be
(Font)              scaled to size 10.44997pt on input line 110.

Underfull \hbox (badness 10000) in paragraph at lines 110--110

 []

<graphics//Logo_INSO_Infor_TU.jpg, id=227, 210.8138pt x 60.64395pt>
File: graphics//Logo_INSO_Infor_TU.jpg Graphic file (type jpg)
<use graphics//Logo_INSO_Infor_TU.jpg>
Package pdftex.def Info: graphics//Logo_INSO_Infor_TU.jpg  used on input line 1
10.
(pdftex.def)             Requested size: 217.61026pt x 62.59605pt.

Class memoir Warning: The material used in the headers is too large
(66.67609pt) for the given head height (31.29802pt), it is recommended to
either increase the head height or redesign the header
(in both cases you will find help in the memoir manual). on input line 110.


Overfull \vbox (35.37807pt too high) has occurred while \output is active []


[5


 <./graphics//Logo_INSO_Infor_TU.jpg>] [6

] [7


] [8

] [9

] [10

] [11

] [12

]
[13

] [14

] [15

] [16

] (./thesis.toc [17]) [18] [1


]
LaTeX Font Info:    Trying to load font information for TS1+lmr on input line 1
56.

(/usr/share/texmf/tex/latex/lm/ts1lmr.fd
File: ts1lmr.fd 2009/10/30 v1.6 Font defs for Latin Modern
)
Package microtype Info: Character `029' is missing
(microtype)             in font `T1/lmr/m/sc/10.95'.
(microtype)             Ignoring protrusion settings for this character.
 [2] [3]
Underfull \hbox (badness 10000) in paragraph at lines 187--191

 []

[4] [5] [6

] [7] [8] [9]
<graphics//ApraxiaAphasia.png, id=456, 800.9925pt x 1341.01pt>
File: graphics//ApraxiaAphasia.png Graphic file (type png)
<use graphics//ApraxiaAphasia.png>
Package pdftex.def Info: graphics//ApraxiaAphasia.png  used on input line 230.
(pdftex.def)             Requested size: 200.24763pt x 335.25168pt.
 [10 <./graphics//ApraxiaAphasia.png>] [11] [12]
[13] [14]
Underfull \hbox (badness 10000) in paragraph at lines 302--303

 []

<graphics//Neuron.png, id=551, 1136.245pt x 677.53125pt>
File: graphics//Neuron.png Graphic file (type png)
<use graphics//Neuron.png>
Package pdftex.def Info: graphics//Neuron.png  used on input line 309.
(pdftex.def)             Requested size: 284.06055pt x 169.38239pt.
[15]
<graphics//Node.png, id=564, 995.72pt x 479.7925pt>
File: graphics//Node.png Graphic file (type png)
<use graphics//Node.png>
Package pdftex.def Info: graphics//Node.png  used on input line 323.
(pdftex.def)             Requested size: 248.92938pt x 119.94781pt.
 [16 <./graphics//Neuron.png>]
<graphics//ActivationFunctions.png, id=581, 858.20625pt x 687.56876pt>
File: graphics//ActivationFunctions.png Graphic file (type png)
<use graphics//ActivationFunctions.png>
Package pdftex.def Info: graphics//ActivationFunctions.png  used on input line 
361.
(pdftex.def)             Requested size: 429.10208pt x 343.78354pt.

Overfull \hbox (10.8484pt too wide) in paragraph at lines 361--362
 [] 
 []

[17 <./graphics//Node.png>] [18 <./graphics//ActivationFunctions.png>]
<graphics//NNTopology.png, id=601, 604.2575pt x 1124.2pt>
File: graphics//NNTopology.png Graphic file (type png)
<use graphics//NNTopology.png>
Package pdftex.def Info: graphics//NNTopology.png  used on input line 372.
(pdftex.def)             Requested size: 241.69872pt x 449.67204pt.
 [19 <./graphics//NNTopology.png>] [20] [21] [22] [23] [24] [25

]
<graphics//TH_Game.jpg, id=688, 790.59pt x 568.67pt>
File: graphics//TH_Game.jpg Graphic file (type jpg)
<use graphics//TH_Game.jpg>
Package pdftex.def Info: graphics//TH_Game.jpg  used on input line 445.
(pdftex.def)             Requested size: 316.2304pt x 227.46396pt.
 [26] [27 <./graphics//TH_Game.jpg>]
<graphics//Phonak_Game.png, id=706, 455.7025pt x 326.21875pt>
File: graphics//Phonak_Game.png Graphic file (type png)
<use graphics//Phonak_Game.png>
Package pdftex.def Info: graphics//Phonak_Game.png  used on input line 460.
(pdftex.def)             Requested size: 227.85068pt x 163.10896pt.
<graphics//OperaSinger_Game.png, id=710, 479.7925pt x 357.335pt>
File: graphics//OperaSinger_Game.png Graphic file (type png)
<use graphics//OperaSinger_Game.png>
Package pdftex.def Info: graphics//OperaSinger_Game.png  used on input line 476
.
(pdftex.def)             Requested size: 239.89565pt x 178.66705pt.
 [28 <./graphics//Phonak_Game.png>] [29 <./graphics//OperaSinger_Game.png>]
<graphics//Apraxia_Game.png, id=732, 1294.8375pt x 801.99625pt>
File: graphics//Apraxia_Game.png Graphic file (type png)
<use graphics//Apraxia_Game.png>
Package pdftex.def Info: graphics//Apraxia_Game.png  used on input line 502.
(pdftex.def)             Requested size: 323.70857pt x 200.49857pt.
 [30]
<graphics//Rocket_Game.png, id=741, 1111.15125pt x 918.43124pt>
File: graphics//Rocket_Game.png Graphic file (type png)
<use graphics//Rocket_Game.png>
Package pdftex.def Info: graphics//Rocket_Game.png  used on input line 517.
(pdftex.def)             Requested size: 277.78712pt x 229.60724pt.
 [31 <./graphics//Apraxia_Game.png>]
<graphics//TTeo.png, id=756, 1149.29375pt x 769.87625pt>
File: graphics//TTeo.png Graphic file (type png)
<use graphics//TTeo.png>
Package pdftex.def Info: graphics//TTeo.png  used on input line 534.
(pdftex.def)             Requested size: 459.70937pt x 307.94504pt.

Overfull \hbox (41.45569pt too wide) in paragraph at lines 534--535
 [] 
 []

[32 <./graphics//Rocket_Game.png>] [33 <./graphics//TTeo.png>] [34] [35]
[36] [37] [38]
<graphics//Thesis_Process.png, id=831, 834.11626pt x 1206.5075pt>
File: graphics//Thesis_Process.png Graphic file (type png)
<use graphics//Thesis_Process.png>
Package pdftex.def Info: graphics//Thesis_Process.png  used on input line 635.
(pdftex.def)             Requested size: 417.05711pt x 603.25227pt.


LaTeX Warning: Float too large for page by 43.90918pt on input line 638.


Underfull \hbox (badness 10000) in paragraph at lines 640--641

 []

[39

] [40 <./graphics//Thesis_Process.png>] [41] [42] [43] [44

] [45] [46]
[47]
<graphics//Prototype.jpg, id=894, 1664.2175pt x 1325.95375pt>
File: graphics//Prototype.jpg Graphic file (type jpg)
<use graphics//Prototype.jpg>
Package pdftex.def Info: graphics//Prototype.jpg  used on input line 706.
(pdftex.def)             Requested size: 332.8376pt x 265.18605pt.
 [48 <./graphics//Prototype.jpg>] [49]
<graphics//LE_UseCase.png, id=907, 863.225pt x 936.49875pt>
File: graphics//LE_UseCase.png Graphic file (type png)
<use graphics//LE_UseCase.png>
Package pdftex.def Info: graphics//LE_UseCase.png  used on input line 732.
(pdftex.def)             Requested size: 431.61145pt x 468.24823pt.

Overfull \hbox (13.35777pt too wide) in paragraph at lines 732--733
 [] 
 []


Overfull \hbox (4.9931pt too wide) in paragraph at lines 740--740
[]|\T1/lmr/bx/n/10.95 (-20) Optional| 
 []


Underfull \hbox (badness 10000) in paragraph at lines 740--740
[]|\T1/lmr/bx/n/10.95 (-12) Importance
 []


Underfull \hbox (badness 2189) in paragraph at lines 746--746
[]|\T1/lmr/m/n/10.95 (+20) The rec-og-nized voice in-put
 []


Underfull \hbox (badness 1694) in paragraph at lines 752--752
[]|\T1/lmr/m/n/10.95 (+20) Background mu-
 []


Underfull \hbox (badness 10000) in paragraph at lines 769--769
[]|\T1/lmr/m/n/10.95 (+20) High score-
 []


Underfull \hbox (badness 10000) in paragraph at lines 771--771
[]|\T1/lmr/m/n/10.95 (+20) Category Cre-
 []


Underfull \hbox (badness 10000) in paragraph at lines 772--772
[]|\T1/lmr/m/n/10.95 (+20) Category Cus-
 []


Underfull \hbox (badness 10000) in paragraph at lines 772--772
\T1/lmr/m/n/10.95 (+20) tomiza-tion:
 []


Underfull \hbox (badness 10000) in paragraph at lines 774--774
[]|\T1/lmr/m/n/10.95 (+20) Category Dele-
 []


Underfull \hbox (badness 10000) in paragraph at lines 775--775
[]|\T1/lmr/m/n/10.95 (+20) Multiple voice
 []


Underfull \hbox (badness 10000) in paragraph at lines 775--775
\T1/lmr/m/n/10.95 (+20) recog-ni-tion
 []

[50] [51 <./graphics//LE_UseCase.png>] [52] [53]
Underfull \hbox (badness 10000) in paragraph at lines 796--797

 []

[54]
<graphics//LE_Level.png, id=935, 1977.3875pt x 1106.1325pt>
File: graphics//LE_Level.png Graphic file (type png)
<use graphics//LE_Level.png>
Package pdftex.def Info: graphics//LE_Level.png  used on input line 802.
(pdftex.def)             Requested size: 395.4705pt x 221.22258pt.
 [55 <./graphics//LE_Level.png>] [56] [57]
<graphics//Adaption_process.png, id=965, 630.355pt x 283.0575pt>
File: graphics//Adaption_process.png Graphic file (type png)
<use graphics//Adaption_process.png>
Package pdftex.def Info: graphics//Adaption_process.png  used on input line 838
.
(pdftex.def)             Requested size: 315.17673pt x 141.5284pt.
<graphics//AM.png, id=966, 486.81876pt x 647.41875pt>
File: graphics//AM.png Graphic file (type png)
<use graphics//AM.png>
Package pdftex.def Info: graphics//AM.png  used on input line 848.
(pdftex.def)             Requested size: 110.42pt x 146.84839pt.
<graphics//AO.png, id=967, 485.815pt x 646.415pt>
File: graphics//AO.png Graphic file (type png)
<use graphics//AO.png>
Package pdftex.def Info: graphics//AO.png  used on input line 853.
(pdftex.def)             Requested size: 110.42pt x 146.91661pt.
<graphics//AT.png, id=968, 485.815pt x 646.415pt>
File: graphics//AT.png Graphic file (type png)
<use graphics//AT.png>
Package pdftex.def Info: graphics//AT.png  used on input line 858.
(pdftex.def)             Requested size: 110.42pt x 146.91661pt.

Underfull \vbox (badness 4024) has occurred while \output is active []

 [58]
[59 <./graphics//Adaption_process.png> <./graphics//AM.png> <./graphics//AO.png
> <./graphics//AT.png>]
<graphics//LE_Lava.png, id=990, 944.52875pt x 588.1975pt>
File: graphics//LE_Lava.png Graphic file (type png)
<use graphics//LE_Lava.png>
Package pdftex.def Info: graphics//LE_Lava.png  used on input line 872.
(pdftex.def)             Requested size: 377.80481pt x 235.27483pt.
<graphics//D.png, id=993, 597.9138pt x 845.0772pt>
File: graphics//D.png Graphic file (type png)
<use graphics//D.png>
Package pdftex.def Info: graphics//D.png  used on input line 886.
(pdftex.def)             Requested size: 110.42pt x 156.06604pt.
<graphics//E.png, id=994, 597.9138pt x 845.0772pt>
File: graphics//E.png Graphic file (type png)
<use graphics//E.png>
Package pdftex.def Info: graphics//E.png  used on input line 891.
(pdftex.def)             Requested size: 110.42pt x 156.06604pt.
<graphics//K.png, id=995, 597.9138pt x 845.0772pt>
File: graphics//K.png Graphic file (type png)
<use graphics//K.png>
Package pdftex.def Info: graphics//K.png  used on input line 896.
(pdftex.def)             Requested size: 110.42pt x 156.06604pt.
 [60 <./graphics//LE_Lava.png>] [61 <./graphics//D.png (PNG copy)> <./graphics/
/E.png (PNG copy)> <./graphics//K.png (PNG copy)>]
[62]
<graphics//LE_Help.png, id=1019, 373.395pt x 298.11375pt>
File: graphics//LE_Help.png Graphic file (type png)
<use graphics//LE_Help.png>
Package pdftex.def Info: graphics//LE_Help.png  used on input line 926.
(pdftex.def)             Requested size: 149.35535pt x 119.24338pt.
<graphics//LE_Scores.png, id=1020, 703.62875pt x 125.46875pt>
File: graphics//LE_Scores.png Graphic file (type png)
<use graphics//LE_Scores.png>
Package pdftex.def Info: graphics//LE_Scores.png  used on input line 935.
(pdftex.def)             Requested size: 351.8135pt x 62.7342pt.

Underfull \vbox (badness 5475) has occurred while \output is active []

 [63 <./graphics//LE_Help.png>]
<graphics//LE_Settings.png, id=1029, 1145.27875pt x 633.36626pt>
File: graphics//LE_Settings.png Graphic file (type png)
<use graphics//LE_Settings.png>
Package pdftex.def Info: graphics//LE_Settings.png  used on input line 957.
(pdftex.def)             Requested size: 458.10338pt x 253.34201pt.

Overfull \hbox (39.8497pt too wide) in paragraph at lines 957--958
 [] 
 []

[64 <./graphics//LE_Scores.png>]
<graphics//LE_Start.png, id=1039, 1450.41875pt x 805.0075pt>
File: graphics//LE_Start.png Graphic file (type png)
<use graphics//LE_Start.png>
Package pdftex.def Info: graphics//LE_Start.png  used on input line 978.
(pdftex.def)             Requested size: 301.14174pt x 167.12807pt.
<graphics//LE_LevelOverview.png, id=1040, 1450.41875pt x 805.0075pt>
File: graphics//LE_LevelOverview.png Graphic file (type png)
<use graphics//LE_LevelOverview.png>
Package pdftex.def Info: graphics//LE_LevelOverview.png  used on input line 983
.
(pdftex.def)             Requested size: 301.14174pt x 167.12807pt.
<graphics//LE_Info.png, id=1041, 1450.41875pt x 805.0075pt>
File: graphics//LE_Info.png Graphic file (type png)
<use graphics//LE_Info.png>
Package pdftex.def Info: graphics//LE_Info.png  used on input line 988.
(pdftex.def)             Requested size: 301.14174pt x 167.12807pt.
 [65 <./graphics//LE_Settings.png>] [66 <./graphics//LE_Start.png> <./graphics/
/LE_LevelOverview.png> <./graphics//LE_Info.png>]
<graphics//LE_CategoryEditor.png, id=1060, 1450.41875pt x 805.0075pt>
File: graphics//LE_CategoryEditor.png Graphic file (type png)
<use graphics//LE_CategoryEditor.png>
Package pdftex.def Info: graphics//LE_CategoryEditor.png  used on input line 10
00.
(pdftex.def)             Requested size: 334.60422pt x 185.70058pt.
 [67 <./graphics//LE_CategoryEditor.png>]
<graphics//LE_LevelEditor.png, id=1070, 1450.41875pt x 805.0075pt>
File: graphics//LE_LevelEditor.png Graphic file (type png)
<use graphics//LE_LevelEditor.png>
Package pdftex.def Info: graphics//LE_LevelEditor.png  used on input line 1016.

(pdftex.def)             Requested size: 334.60422pt x 185.70058pt.
 [68 <./graphics//LE_LevelEditor.png>]
<graphics//LE_Export.png, id=1078, 575.14874pt x 331.2375pt>
File: graphics//LE_Export.png Graphic file (type png)
<use graphics//LE_Export.png>
Package pdftex.def Info: graphics//LE_Export.png  used on input line 1028.
(pdftex.def)             Requested size: 250.95476pt x 144.52686pt.

Underfull \hbox (badness 10000) in paragraph at lines 1033--1034

 []

<graphics//Unity_Structure.png, id=1079, 172.645pt x 655.44875pt>
File: graphics//Unity_Structure.png Graphic file (type png)
<use graphics//Unity_Structure.png>
Package pdftex.def Info: graphics//Unity_Structure.png  used on input line 1037
.
(pdftex.def)             Requested size: 83.64944pt x 317.58221pt.

Underfull \hbox (badness 10000) in paragraph at lines 1040--1041

 []

[69 <./graphics//LE_Export.png>] [70 <./graphics//Unity_Structure.png>]
[71] [72]
<graphics//LE_Scripts.png, id=1101, 583.17876pt x 664.4825pt>
File: graphics//LE_Scripts.png Graphic file (type png)
<use graphics//LE_Scripts.png>
Package pdftex.def Info: graphics//LE_Scripts.png  used on input line 1110.
(pdftex.def)             Requested size: 376.42575pt x 428.91745pt.
 [73] [74 <./graphics//LE_Scripts.png>] [75]
Underfull \hbox (badness 10000) in paragraph at lines 1150--1152

 []

[76]
<graphics//Result_TherapyEnjoyment.png, id=1128, 1498.59875pt x 577.15625pt>
File: graphics//Result_TherapyEnjoyment.png Graphic file (type png)
<use graphics//Result_TherapyEnjoyment.png>
Package pdftex.def Info: graphics//Result_TherapyEnjoyment.png  used on input l
ine 1158.
(pdftex.def)             Requested size: 301.14174pt x 115.9752pt.
<graphics//Result_GameEnjoyment.png, id=1129, 1498.59875pt x 577.15625pt>
File: graphics//Result_GameEnjoyment.png Graphic file (type png)
<use graphics//Result_GameEnjoyment.png>
Package pdftex.def Info: graphics//Result_GameEnjoyment.png  used on input line
 1163.
(pdftex.def)             Requested size: 301.14174pt x 115.9752pt.

Underfull \hbox (badness 10000) in paragraph at lines 1156--1166
[]$[]$
 []


Underfull \hbox (badness 10000) in paragraph at lines 1169--1170

 []

<graphics//Result_TherapyImprovement.png, id=1130, 1498.59875pt x 629.35126pt>
File: graphics//Result_TherapyImprovement.png Graphic file (type png)
<use graphics//Result_TherapyImprovement.png>
Package pdftex.def Info: graphics//Result_TherapyImprovement.png  used on input
 line 1174.
(pdftex.def)             Requested size: 301.14174pt x 126.46341pt.
<graphics//Result_GameImprovement.png, id=1131, 1498.59875pt x 577.15625pt>
File: graphics//Result_GameImprovement.png Graphic file (type png)
<use graphics//Result_GameImprovement.png>
Package pdftex.def Info: graphics//Result_GameImprovement.png  used on input li
ne 1179.
(pdftex.def)             Requested size: 301.14174pt x 115.9752pt.

Underfull \hbox (badness 10000) in paragraph at lines 1172--1182
[]$[]$
 []

[77] [78 <./graphics//Result_TherapyEnjoyment.png> <./graphics//Result_GameEnjo
yment.png>] [79 <./graphics//Result_TherapyImprovement.png> <./graphics//Result
_GameImprovement.png>] [80] [81] [82]
Underfull \hbox (badness 10000) in paragraph at lines 1227--1228

 []

[83

]
Underfull \hbox (badness 10000) in paragraph at lines 1229--1230

 []


Underfull \hbox (badness 10000) in paragraph at lines 1233--1234

 []

[84]
Underfull \hbox (badness 10000) in paragraph at lines 1243--1244

 []

[85]
Underfull \hbox (badness 10000) in paragraph at lines 1252--1253

 []


Underfull \hbox (badness 10000) in paragraph at lines 1254--1255

 []

[86] [87] [88

]
Underfull \hbox (badness 10000) in paragraph at lines 1262--1263

 []


Underfull \hbox (badness 10000) in paragraph at lines 1264--1265

 []

[89]
Underfull \hbox (badness 10000) in paragraph at lines 1269--1270

 []


Underfull \hbox (badness 10000) in paragraph at lines 1271--1272

 []

[90]
Underfull \hbox (badness 10000) in paragraph at lines 1276--1277

 []


Underfull \hbox (badness 10000) in paragraph at lines 1278--1279

 []


Underfull \vbox (badness 4024) has occurred while \output is active []

 [91]
[92] (./thesis.lof [93

]) [94] (./thesis.lot) (./thesis.bbl [95

] [96

]
LaTeX Font Info:    Trying to load font information for T1+pcr on input line 10
.

(/usr/share/texlive/texmf-dist/tex/latex/psnfss/t1pcr.fd
File: t1pcr.fd 2001/06/04 font definitions for T1/pcr.
)
Package microtype Info: Loading generic protrusion settings for font family
(microtype)             `pcr' (encoding: T1).
(microtype)             For optimal results, create family-specific settings.
(microtype)             See the microtype manual for details.

Underfull \hbox (badness 1173) in paragraph at lines 14--17
[]\T1/lmr/m/n/10.95 (+20) Creative com-mons li-cense.  []$\T1/pcr/m/n/10.95 htt
ps : / / creativecommons . org / licenses /
 []


Underfull \hbox (badness 2617) in paragraph at lines 47--51
[]\T1/lmr/m/n/10.95 (+20) Australian Apha-sia As-so-ci-a-tion.  Apha-sia ver-su
s apraxia, 2019.  URL
 []


Underfull \hbox (badness 10000) in paragraph at lines 47--51
[]$\T1/pcr/m/n/10.95 https : / / www . facebook . com / photo / ?fbid = 2506075
052781246 & set = a .
 []


Underfull \hbox (badness 10000) in paragraph at lines 58--62
\T1/pcr/m/n/10.95 / / www . statistik . at / fileadmin / user _ upload / Gesund
heitsJB-[]2022 _
 []

[97] [98]
Underfull \hbox (badness 10000) in paragraph at lines 167--174
\T1/pcr/m/n/10.95 whisper . cpp / blob / master / models / convert-[]h5-[]to-[]
ggml . py$[]\T1/lmr/m/n/10.95 (+20) , 2024.
 []


Underfull \hbox (badness 10000) in paragraph at lines 167--174
\T1/lmr/m/n/10.95 (+20) URL []$\T1/pcr/m/n/10.95 https : / / github . com / gge
rganov / whisper . cpp / blob / master /
 []

[99] [100] [101] [102]) [103] [104

]
Underfull \hbox (badness 10000) in paragraph at lines 1309--1311

 []


Overfull \hbox (1.65337pt too wide) in paragraph at lines 1325--1326
[]\T1/lmr/m/n/10.95 (-20) Welche Verbesserun-gen wren min-destens ntig, um es
 deinen Pa-tien-ten vorzustellen? 
 []

[105]
<graphics//Q1.png, id=1368, 799.98875pt x 307.1475pt>
File: graphics//Q1.png Graphic file (type png)
<use graphics//Q1.png>
Package pdftex.def Info: graphics//Q1.png  used on input line 1346.
(pdftex.def)             Requested size: 376.42575pt x 144.52806pt.
<graphics//Q2.png, id=1369, 797.98125pt x 260.975pt>
File: graphics//Q2.png Graphic file (type png)
<use graphics//Q2.png>
Package pdftex.def Info: graphics//Q2.png  used on input line 1347.
(pdftex.def)             Requested size: 376.42575pt x 123.10825pt.
<graphics//Q3.png, id=1370, 797.98125pt x 356.33125pt>
File: graphics//Q3.png Graphic file (type png)
<use graphics//Q3.png>
Package pdftex.def Info: graphics//Q3.png  used on input line 1348.
(pdftex.def)             Requested size: 376.42575pt x 168.0901pt.
<graphics//Q4.png, id=1371, 797.98125pt x 225.84375pt>
File: graphics//Q4.png Graphic file (type png)
<use graphics//Q4.png>
Package pdftex.def Info: graphics//Q4.png  used on input line 1349.
(pdftex.def)             Requested size: 376.42575pt x 106.53598pt.
<graphics//Q5.png, id=1372, 797.98125pt x 225.84375pt>
File: graphics//Q5.png Graphic file (type png)
<use graphics//Q5.png>
Package pdftex.def Info: graphics//Q5.png  used on input line 1350.
(pdftex.def)             Requested size: 376.42575pt x 106.53598pt.
<graphics//Q6.png, id=1373, 797.98125pt x 222.8325pt>
File: graphics//Q6.png Graphic file (type png)
<use graphics//Q6.png>
Package pdftex.def Info: graphics//Q6.png  used on input line 1351.
(pdftex.def)             Requested size: 376.42575pt x 105.1155pt.
<graphics//Q7.png, id=1374, 797.98125pt x 278.03876pt>
File: graphics//Q7.png Graphic file (type png)
<use graphics//Q7.png>
Package pdftex.def Info: graphics//Q7.png  used on input line 1352.
(pdftex.def)             Requested size: 376.42575pt x 131.15762pt.
<graphics//Q8.png, id=1375, 797.98125pt x 242.9075pt>
File: graphics//Q8.png Graphic file (type png)
<use graphics//Q8.png>
Package pdftex.def Info: graphics//Q8.png  used on input line 1353.
(pdftex.def)             Requested size: 376.42575pt x 114.58536pt.
<graphics//Q9.png, id=1376, 797.98125pt x 163.61125pt>
File: graphics//Q9.png Graphic file (type png)
<use graphics//Q9.png>
Package pdftex.def Info: graphics//Q9.png  used on input line 1354.
(pdftex.def)             Requested size: 376.42575pt x 77.1794pt.
<graphics//Q10.png, id=1377, 797.98125pt x 163.61125pt>
File: graphics//Q10.png Graphic file (type png)
<use graphics//Q10.png>
Package pdftex.def Info: graphics//Q10.png  used on input line 1355.
(pdftex.def)             Requested size: 376.42575pt x 77.1794pt.
<graphics//Q11.png, id=1378, 797.98125pt x 165.61874pt>
File: graphics//Q11.png Graphic file (type png)
<use graphics//Q11.png>
Package pdftex.def Info: graphics//Q11.png  used on input line 1356.
(pdftex.def)             Requested size: 376.42575pt x 78.12637pt.
<graphics//Q12.png, id=1379, 805.0075pt x 156.585pt>
File: graphics//Q12.png Graphic file (type png)
<use graphics//Q12.png>
Package pdftex.def Info: graphics//Q12.png  used on input line 1357.
(pdftex.def)             Requested size: 376.42575pt x 73.21983pt.
<graphics//Q13.png, id=1380, 805.0075pt x 492.84125pt>
File: graphics//Q13.png Graphic file (type png)
<use graphics//Q13.png>
Package pdftex.def Info: graphics//Q13.png  used on input line 1358.
(pdftex.def)             Requested size: 376.42575pt x 230.45474pt.
<graphics//Q14.png, id=1381, 805.0075pt x 287.0725pt>
File: graphics//Q14.png Graphic file (type png)
<use graphics//Q14.png>
Package pdftex.def Info: graphics//Q14.png  used on input line 1359.
(pdftex.def)             Requested size: 376.42575pt x 134.23637pt.
<graphics//Q15.png, id=1382, 805.0075pt x 231.86626pt>
File: graphics//Q15.png Graphic file (type png)
<use graphics//Q15.png>
Package pdftex.def Info: graphics//Q15.png  used on input line 1360.
(pdftex.def)             Requested size: 376.42575pt x 108.42168pt.
<graphics//Q16.png, id=1383, 805.0075pt x 101.37875pt>
File: graphics//Q16.png Graphic file (type png)
<use graphics//Q16.png>
Package pdftex.def Info: graphics//Q16.png  used on input line 1361.
(pdftex.def)             Requested size: 376.42575pt x 47.40514pt.
 [106 <./graphics//Q1.png> <./graphics//Q2.png>]
Underfull \vbox (badness 10000) has occurred while \output is active []

 [107 <./graphics//Q3.png> <./graphics//Q4.png> <./graphics//Q5.png> <./graphic
s//Q6.png>]
Underfull \vbox (badness 10000) has occurred while \output is active []

 [108 <./graphics//Q7.png> <./graphics//Q8.png> <./graphics//Q9.png> <./graphic
s//Q10.png> <./graphics//Q11.png> <./graphics//Q12.png>]
<graphics//Result_valuable.png, id=1416, 1375.1375pt x 521.95pt>
File: graphics//Result_valuable.png Graphic file (type png)
<use graphics//Result_valuable.png>
Package pdftex.def Info: graphics//Result_valuable.png  used on input line 1365
.
(pdftex.def)             Requested size: 376.42575pt x 142.87167pt.
<graphics//Result_frequency.png, id=1417, 1286.8075pt x 548.0475pt>
File: graphics//Result_frequency.png Graphic file (type png)
<use graphics//Result_frequency.png>
Package pdftex.def Info: graphics//Result_frequency.png  used on input line 136
6.
(pdftex.def)             Requested size: 376.42575pt x 160.31787pt.
File: graphics//Result_GameEnjoyment.png Graphic file (type png)
<use graphics//Result_GameEnjoyment.png>
Package pdftex.def Info: graphics//Result_GameEnjoyment.png  used on input line
 1367.
(pdftex.def)             Requested size: 376.42575pt x 144.96681pt.
File: graphics//Result_TherapyEnjoyment.png Graphic file (type png)
<use graphics//Result_TherapyEnjoyment.png>
Package pdftex.def Info: graphics//Result_TherapyEnjoyment.png  used on input l
ine 1368.
(pdftex.def)             Requested size: 376.42575pt x 144.96681pt.
File: graphics//Result_GameImprovement.png Graphic file (type png)
<use graphics//Result_GameImprovement.png>
Package pdftex.def Info: graphics//Result_GameImprovement.png  used on input li
ne 1369.
(pdftex.def)             Requested size: 376.42575pt x 144.96681pt.
File: graphics//Result_TherapyImprovement.png Graphic file (type png)
<use graphics//Result_TherapyImprovement.png>
Package pdftex.def Info: graphics//Result_TherapyImprovement.png  used on input
 line 1370.
(pdftex.def)             Requested size: 376.42575pt x 158.07686pt.
<graphics//Result_PlayAgain.png, id=1418, 1423.3175pt x 542.025pt>
File: graphics//Result_PlayAgain.png Graphic file (type png)
<use graphics//Result_PlayAgain.png>
Package pdftex.def Info: graphics//Result_PlayAgain.png  used on input line 137
1.
(pdftex.def)             Requested size: 376.42575pt x 143.34647pt.
<graphics//Result_good.png, id=1419, 945.5325pt x 645.41125pt>
File: graphics//Result_good.png Graphic file (type png)
<use graphics//Result_good.png>
Package pdftex.def Info: graphics//Result_good.png  used on input line 1372.
(pdftex.def)             Requested size: 376.42575pt x 256.94861pt.
<graphics//Result_bad.png, id=1420, 945.5325pt x 625.33624pt>
File: graphics//Result_bad.png Graphic file (type png)
<use graphics//Result_bad.png>
Package pdftex.def Info: graphics//Result_bad.png  used on input line 1373.
(pdftex.def)             Requested size: 376.42575pt x 248.95642pt.
<graphics//Result_wish.png, id=1421, 945.5325pt x 567.11874pt>
File: graphics//Result_wish.png Graphic file (type png)
<use graphics//Result_wish.png>
Package pdftex.def Info: graphics//Result_wish.png  used on input line 1374.
(pdftex.def)             Requested size: 376.42575pt x 225.77908pt.
<graphics//Result_Age.png, id=1422, 1087.06125pt x 542.025pt>
File: graphics//Result_Age.png Graphic file (type png)
<use graphics//Result_Age.png>
Package pdftex.def Info: graphics//Result_Age.png  used on input line 1375.
(pdftex.def)             Requested size: 376.42575pt x 187.69356pt.
<graphics//Result_Gender.png, id=1423, 1121.18875pt x 548.0475pt>
File: graphics//Result_Gender.png Graphic file (type png)
<use graphics//Result_Gender.png>
Package pdftex.def Info: graphics//Result_Gender.png  used on input line 1376.
(pdftex.def)             Requested size: 376.42575pt x 184.00053pt.
<graphics//Result_Background.png, id=1424, 1286.8075pt x 548.0475pt>
File: graphics//Result_Background.png Graphic file (type png)
<use graphics//Result_Background.png>
Package pdftex.def Info: graphics//Result_Background.png  used on input line 13
77.
(pdftex.def)             Requested size: 376.42575pt x 160.31787pt.

Underfull \vbox (badness 10000) has occurred while \output is active []

 [109 <./graphics//Q13.png> <./graphics//Q14.png> <./graphics//Q15.png> <./grap
hics//Q16.png>]
Underfull \vbox (badness 10000) has occurred while \output is active []

 [110 <./graphics//Result_valuable.png> <./graphics//Result_frequency.png>]
Underfull \vbox (badness 10000) has occurred while \output is active []

 [111]
Underfull \vbox (badness 10000) has occurred while \output is active []

 [112 <./graphics//Result_PlayAgain.png> <./graphics//Result_good.png>]
Underfull \vbox (badness 10000) has occurred while \output is active []

 [113 <./graphics//Result_bad.png> <./graphics//Result_wish.png>]

Class memoir Warning: The material used in the headers is too large
(66.67609pt) for the given head height (13.6pt), it is recommended to
either increase the head height or redesign the header
(in both cases you will find help in the memoir manual). on input line 1380.


Package glossaries Warning: No \printglossary or \printglossaries found. 
(Remove \makeglossaries if you don't want any glossaries.) 
This document will not have a glossary.

[114 <./graphics//Result_Age.png> <./graphics//Result_Gender.png> <./graphics//
Result_Background.png>]
No complaints by nag.
\tf@toc=\write10
\openout10 = `thesis.toc'.

\tf@lof=\write11
\openout11 = `thesis.lof'.

\tf@lot=\write12
\openout12 = `thesis.lot'.

(./thesis.aux)

LaTeX Warning: There were multiply-defined labels.

Package rerunfilecheck Info: File `thesis.out' has not changed.
(rerunfilecheck)             Checksum: F189353BD6B03E547B8A3DE3514FD4AB;6379.
 ) 
Here is how much of TeX's memory you used:
 41640 strings out of 478287
 770746 string characters out of 5849289
 1193070 words of memory out of 5000000
 58364 multiletter control sequences out of 15000+600000
 588240 words of font info for 257 fonts, out of 8000000 for 9000
 1141 hyphenation exceptions out of 8191
 99i,16n,131p,2738b,689s stack positions out of 5000i,500n,10000p,200000b,80000s
{/usr/share/texlive/texmf-dist/fonts/enc/dvips/base/8r.enc}{/usr/share/texmf/
fonts/enc/dvips/lm/lm-rm.enc}{/usr/share/texmf/fonts/enc/dvips/lm/lm-mathsy.enc
}{/usr/share/texmf/fonts/enc/dvips/lm/lm-mathit.enc}{/usr/share/texmf/fonts/enc
/dvips/lm/lm-mathex.enc}{/usr/share/texmf/fonts/enc/dvips/lm/lm-ts1.enc}{/usr/s
hare/texmf/fonts/enc/dvips/lm/lm-ec.enc}</usr/share/texmf/fonts/type1/public/lm
/lmbx10.pfb></usr/share/texmf/fonts/type1/public/lm/lmbx12.pfb></usr/share/texm
f/fonts/type1/public/lm/lmcsc10.pfb></usr/share/texmf/fonts/type1/public/lm/lme
x10.pfb></usr/share/texmf/fonts/type1/public/lm/lmmi10.pfb></usr/share/texmf/fo
nts/type1/public/lm/lmmi6.pfb></usr/share/texmf/fonts/type1/public/lm/lmmi8.pfb
></usr/share/texmf/fonts/type1/public/lm/lmr10.pfb></usr/share/texmf/fonts/type
1/public/lm/lmr17.pfb></usr/share/texmf/fonts/type1/public/lm/lmr6.pfb></usr/sh
are/texmf/fonts/type1/public/lm/lmr8.pfb></usr/share/texmf/fonts/type1/public/l
m/lmri10.pfb></usr/share/texmf/fonts/type1/public/lm/lmss12.pfb></usr/share/tex
mf/fonts/type1/public/lm/lmsy10.pfb></usr/share/texmf/fonts/type1/public/lm/lms
y6.pfb></usr/share/texmf/fonts/type1/public/lm/lmsy8.pfb></usr/share/texlive/te
xmf-dist/fonts/type1/public/amsfonts/symbols/msam10.pfb></usr/share/texlive/tex
mf-dist/fonts/type1/public/amsfonts/symbols/msbm10.pfb></usr/share/texlive/texm
f-dist/fonts/type1/urw/courier/ucrr8a.pfb></usr/share/texlive/texmf-dist/fonts/
type1/urw/helvetic/uhvb8a.pfb></usr/share/texlive/texmf-dist/fonts/type1/urw/he
lvetic/uhvr8a.pfb>
Output written on thesis.pdf (132 pages, 14410926 bytes).
PDF statistics:
 1655 PDF objects out of 1728 (max. 8388607)
 1329 compressed objects within 14 object streams
 419 named destinations out of 1000 (max. 500000)
 52946 words of extra memory for PDF output out of 61914 (max. 10000000)

