\BOOKMARK [0][-]{chapter*.4}{\376\377\000K\000u\000r\000z\000f\000a\000s\000s\000u\000n\000g}{}% 1
\BOOKMARK [0][-]{chapter*.5}{\376\377\000A\000b\000s\000t\000r\000a\000c\000t}{}% 2
\BOOKMARK [0][-]{section*.6}{\376\377\000C\000o\000n\000t\000e\000n\000t\000s}{}% 3
\BOOKMARK [0][-]{chapter.1}{\376\377\000I\000n\000t\000r\000o\000d\000u\000c\000t\000i\000o\000n}{}% 4
\BOOKMARK [1][-]{section.1.1}{\376\377\000P\000r\000o\000b\000l\000e\000m\000\040\000D\000e\000s\000c\000r\000i\000p\000t\000i\000o\000n}{chapter.1}% 5
\BOOKMARK [1][-]{section.1.2}{\376\377\000E\000x\000p\000e\000c\000t\000e\000d\000\040\000R\000e\000s\000u\000l\000t\000s}{chapter.1}% 6
\BOOKMARK [1][-]{section.1.3}{\376\377\000S\000t\000r\000u\000c\000t\000u\000r\000e}{chapter.1}% 7
\BOOKMARK [1][-]{section.1.4}{\376\377\000S\000u\000m\000m\000a\000r\000y}{chapter.1}% 8
\BOOKMARK [0][-]{chapter.2}{\376\377\000T\000h\000e\000o\000r\000e\000t\000i\000c\000a\000l\000\040\000B\000a\000c\000k\000g\000r\000o\000u\000n\000d}{}% 9
\BOOKMARK [1][-]{section.2.1}{\376\377\000S\000e\000r\000i\000o\000u\000s\000\040\000G\000a\000m\000e\000s}{chapter.2}% 10
\BOOKMARK [1][-]{section.2.2}{\376\377\000S\000p\000e\000e\000c\000h\000\040\000I\000m\000p\000e\000d\000i\000m\000e\000n\000t\000s}{chapter.2}% 11
\BOOKMARK [2][-]{subsection.2.2.1}{\376\377\000A\000p\000r\000a\000x\000i\000a}{section.2.2}% 12
\BOOKMARK [2][-]{subsection.2.2.2}{\376\377\000A\000p\000h\000a\000s\000i\000a}{section.2.2}% 13
\BOOKMARK [2][-]{subsection.2.2.3}{\376\377\000O\000t\000h\000e\000r\000\040\000s\000p\000e\000e\000c\000h\000\040\000i\000m\000p\000e\000d\000i\000m\000e\000n\000t\000s}{section.2.2}% 14
\BOOKMARK [1][-]{section.2.3}{\376\377\000T\000h\000e\000r\000a\000p\000e\000u\000t\000i\000c\000\040\000C\000o\000m\000p\000l\000i\000a\000n\000c\000e}{chapter.2}% 15
\BOOKMARK [1][-]{section.2.4}{\376\377\000N\000e\000u\000r\000a\000l\000\040\000N\000e\000t\000w\000o\000r\000k\000s}{chapter.2}% 16
\BOOKMARK [1][-]{section.2.5}{\376\377\000V\000o\000i\000c\000e\000\040\000R\000e\000c\000o\000g\000n\000i\000t\000i\000o\000n}{chapter.2}% 17
\BOOKMARK [2][-]{subsection.2.5.1}{\376\377\000W\000h\000i\000s\000p\000e\000r\000A\000I}{section.2.5}% 18
\BOOKMARK [2][-]{subsection.2.5.2}{\376\377\000V\000o\000i\000c\000e\000I\000t\000t}{section.2.5}% 19
\BOOKMARK [2][-]{subsection.2.5.3}{\376\377\000D\000r\000a\000g\000o\000n\000\040\000N\000a\000t\000u\000r\000a\000l\000l\000y\000S\000p\000e\000a\000k\000i\000n\000g}{section.2.5}% 20
\BOOKMARK [1][-]{section.2.6}{\376\377\000U\000s\000e\000r\000\040\000C\000e\000n\000t\000e\000r\000e\000d\000\040\000D\000e\000s\000i\000g\000n}{chapter.2}% 21
\BOOKMARK [1][-]{section.2.7}{\376\377\000S\000u\000m\000m\000a\000r\000y}{chapter.2}% 22
\BOOKMARK [0][-]{chapter.3}{\376\377\000S\000t\000a\000t\000e\000\040\000o\000f\000\040\000t\000h\000e\000\040\000A\000r\000t}{}% 23
\BOOKMARK [1][-]{section.3.1}{\376\377\000S\000p\000e\000e\000c\000h\000\040\000R\000e\000h\000a\000b\000i\000l\000i\000t\000a\000t\000i\000o\000n\000\040\000G\000a\000m\000e\000s}{chapter.3}% 24
\BOOKMARK [2][-]{subsection.3.1.1}{\376\377\000T\000r\000e\000a\000s\000u\000r\000e\000\040\000H\000u\000n\000t\000e\000r\000s}{section.3.1}% 25
\BOOKMARK [2][-]{subsection.3.1.2}{\376\377\000T\000r\000a\000i\000n\000i\000n\000g\000\040\000w\000i\000t\000h\000\040\000P\000h\000o\000n\000a\000k}{section.3.1}% 26
\BOOKMARK [2][-]{subsection.3.1.3}{\376\377\000O\000p\000e\000r\000a\000\040\000S\000i\000n\000g\000e\000r}{section.3.1}% 27
\BOOKMARK [2][-]{subsection.3.1.4}{\376\377\000A\000p\000r\000a\000x\000i\000a\000\040\000W\000o\000r\000l\000d}{section.3.1}% 28
\BOOKMARK [2][-]{subsection.3.1.5}{\376\377\000F\000l\000y\000i\000n\000g\000\040\000R\000o\000c\000k\000e\000t}{section.3.1}% 29
\BOOKMARK [2][-]{subsection.3.1.6}{\376\377\000T\000a\000l\000k\000i\000n\000g\000\040\000t\000o\000\040\000T\000e\000o}{section.3.1}% 30
\BOOKMARK [2][-]{subsection.3.1.7}{\376\377\000T\000h\000i\000s\000\040\000w\000o\000r\000k}{section.3.1}% 31
\BOOKMARK [2][-]{subsection.3.1.8}{\376\377\000S\000u\000m\000m\000a\000r\000y}{section.3.1}% 32
\BOOKMARK [2][-]{subsection.3.1.9}{\376\377\000S\000u\000m\000m\000a\000r\000y}{section.3.1}% 33
\BOOKMARK [0][-]{chapter.4}{\376\377\000M\000e\000t\000h\000o\000d\000o\000l\000o\000g\000i\000c\000a\000l\000\040\000A\000p\000p\000r\000o\000a\000c\000h}{}% 34
\BOOKMARK [1][-]{section.4.1}{\376\377\000G\000e\000n\000e\000r\000a\000l\000\040\000c\000o\000u\000r\000s\000e\000\040\000o\000f\000\040\000a\000c\000t\000i\000o\000n}{chapter.4}% 35
\BOOKMARK [2][-]{subsection.4.1.1}{\376\377\000P\000h\000a\000s\000e\000\040\0001\000:\000\040\000R\000e\000s\000e\000a\000r\000c\000h}{section.4.1}% 36
\BOOKMARK [2][-]{subsection.4.1.2}{\376\377\000P\000h\000a\000s\000e\000\040\0002\000:\000\040\000D\000e\000v\000e\000l\000o\000p\000m\000e\000n\000t}{section.4.1}% 37
\BOOKMARK [2][-]{subsection.4.1.3}{\376\377\000P\000h\000a\000s\000e\000\040\0003\000:\000\040\000E\000v\000a\000l\000u\000a\000t\000i\000o\000n}{section.4.1}% 38
\BOOKMARK [1][-]{section.4.2}{\376\377\000A\000n\000s\000w\000e\000r\000i\000n\000g\000\040\000R\000e\000s\000e\000a\000r\000c\000h\000\040\000Q\000u\000e\000s\000t\000i\000o\000n\000s}{chapter.4}% 39
\BOOKMARK [1][-]{section.4.3}{\376\377\000D\000e\000c\000l\000a\000r\000a\000t\000i\000o\000n\000\040\000o\000f\000\040\000p\000e\000r\000s\000o\000n\000a\000l\000\040\000i\000n\000t\000e\000r\000v\000i\000e\000w\000s\000\040\000w\000i\000t\000h\000\040\000e\000x\000p\000e\000r\000t\000s}{chapter.4}% 40
\BOOKMARK [1][-]{section.4.4}{\376\377\000O\000t\000h\000e\000r\000\040\000P\000a\000r\000t\000i\000c\000i\000p\000a\000n\000t\000s}{chapter.4}% 41
\BOOKMARK [0][-]{chapter.5}{\376\377\000R\000e\000s\000u\000l\000t\000s}{}% 42
\BOOKMARK [1][-]{section.5.1}{\376\377\000I\000t\000e\000r\000a\000t\000i\000o\000n\000\040\0001}{chapter.5}% 43
\BOOKMARK [1][-]{section.5.2}{\376\377\000I\000t\000e\000r\000a\000t\000i\000o\000n\000\040\0002}{chapter.5}% 44
\BOOKMARK [1][-]{section.5.3}{\376\377\000I\000t\000e\000r\000a\000t\000i\000o\000n\000\040\0003\000\040\000a\000n\000d\000\040\0004}{chapter.5}% 45
\BOOKMARK [1][-]{section.5.4}{\376\377\000I\000t\000e\000r\000a\000t\000i\000o\000n\000\040\0005\000\040\000a\000n\000d\000\040\0006}{chapter.5}% 46
\BOOKMARK [1][-]{section.5.5}{\376\377\000R\000e\000q\000u\000i\000r\000e\000m\000e\000n\000t\000s}{chapter.5}% 47
\BOOKMARK [2][-]{subsection.5.5.1}{\376\377\000U\000s\000e\000\040\000C\000a\000s\000e\000:\000\040\000P\000l\000a\000y\000\040\000L\000e\000v\000e\000l}{section.5.5}% 48
\BOOKMARK [3][-]{section*.66}{\376\377\000P\000h\000o\000n\000e\000t\000i\000c\000\040\000l\000e\000v\000e\000l\000\040\000\050\000R\0001\000\051}{subsection.5.5.1}% 49
\BOOKMARK [3][-]{section*.67}{\376\377\000S\000y\000l\000l\000a\000b\000l\000e\000\040\000l\000e\000v\000e\000l\000\040\000\050\000R\0002\000\051}{subsection.5.5.1}% 50
\BOOKMARK [3][-]{section*.68}{\376\377\000W\000o\000r\000d\000\040\000l\000e\000v\000e\000l\000\040\000\050\000R\0003\000\051}{subsection.5.5.1}% 51
\BOOKMARK [3][-]{section*.70}{\376\377\000V\000o\000i\000c\000e\000\040\000r\000e\000c\000o\000g\000n\000i\000t\000i\000o\000n\000\040\000\050\000R\0005\000\051}{subsection.5.5.1}% 52
\BOOKMARK [3][-]{section*.79}{\376\377\000S\000t\000r\000e\000s\000s\000\040\000c\000o\000m\000p\000o\000n\000e\000n\000t\000\040\000\050\000R\0001\0001\000\051}{subsection.5.5.1}% 53
\BOOKMARK [3][-]{section*.81}{\376\377\000C\000h\000i\000l\000d\000\040\000M\000o\000d\000e\000\040\000\050\000R\0001\0007\000\051}{subsection.5.5.1}% 54
\BOOKMARK [3][-]{section*.83}{\376\377\000P\000r\000e\000-\000d\000e\000f\000i\000n\000e\000d\000\040\000w\000o\000r\000d\000\040\000l\000i\000s\000t\000\040\000\050\000R\0001\0008\000\051}{subsection.5.5.1}% 55
\BOOKMARK [3][-]{section*.84}{\376\377\000M\000u\000l\000t\000i\000p\000l\000e\000\040\000v\000o\000i\000c\000e\000\040\000r\000e\000c\000o\000g\000n\000i\000t\000i\000o\000n\000\040\000s\000o\000f\000t\000w\000a\000r\000e\000s\000\040\000\050\000R\0002\0009\000\051}{subsection.5.5.1}% 56
\BOOKMARK [2][-]{subsection.5.5.2}{\376\377\000U\000s\000e\000\040\000C\000a\000s\000e\000:\000\040\000U\000s\000e\000\040\000a\000d\000d\000i\000t\000i\000o\000n\000a\000l\000\040\000h\000e\000l\000p}{section.5.5}% 57
\BOOKMARK [3][-]{section*.85}{\376\377\000S\000k\000i\000p\000-\000B\000u\000t\000t\000o\000n\000\040\000\050\000R\0001\0009\000\051}{subsection.5.5.2}% 58
\BOOKMARK [3][-]{section*.86}{\376\377\000L\000i\000s\000t\000e\000n\000-\000B\000u\000t\000t\000o\000n\000\040\000\050\000R\0002\0000\000\051}{subsection.5.5.2}% 59
\BOOKMARK [3][-]{section*.87}{\376\377\000R\000e\000c\000o\000r\000d\000-\000B\000u\000t\000t\000o\000n\000\040\000\050\000R\0002\0001\000\051}{subsection.5.5.2}% 60
\BOOKMARK [2][-]{subsection.5.5.3}{\376\377\000U\000s\000e\000\040\000C\000a\000s\000e\000:\000\040\000V\000i\000e\000w\000\040\000H\000i\000g\000h\000-\000S\000c\000o\000r\000e\000s}{section.5.5}% 61
\BOOKMARK [2][-]{subsection.5.5.4}{\376\377\000U\000s\000e\000\040\000C\000a\000s\000e\000:\000\040\000C\000h\000a\000n\000g\000e\000\040\000S\000e\000t\000t\000i\000n\000g\000s}{section.5.5}% 62
\BOOKMARK [2][-]{subsection.5.5.5}{\376\377\000U\000s\000e\000\040\000C\000a\000s\000e\000:\000\040\000N\000a\000v\000i\000g\000a\000t\000e\000\040\000G\000a\000m\000e}{section.5.5}% 63
\BOOKMARK [3][-]{section*.91}{\376\377\000S\000t\000a\000r\000t\000\040\000s\000c\000r\000e\000e\000n\000\040\000\050\000R\0007\000\051}{subsection.5.5.5}% 64
\BOOKMARK [3][-]{section*.92}{\376\377\000L\000e\000v\000e\000l\000\040\000o\000v\000e\000r\000v\000i\000e\000w\000\040\000s\000c\000r\000e\000e\000n\000\040\000\050\000R\0008\000\051}{subsection.5.5.5}% 65
\BOOKMARK [3][-]{section*.93}{\376\377\000I\000n\000f\000o\000\040\000s\000c\000r\000e\000e\000n\000\040\000\050\000R\0001\0004\000\051}{subsection.5.5.5}% 66
\BOOKMARK [2][-]{subsection.5.5.6}{\376\377\000U\000s\000e\000\040\000C\000a\000s\000e\000:\000\040\000E\000d\000i\000t\000\040\000c\000a\000t\000e\000g\000o\000r\000y}{section.5.5}% 67
\BOOKMARK [2][-]{subsection.5.5.7}{\376\377\000U\000s\000e\000\040\000C\000a\000s\000e\000:\000\040\000E\000d\000i\000t\000\040\000l\000e\000v\000e\000l}{section.5.5}% 68
\BOOKMARK [2][-]{subsection.5.5.8}{\376\377\000U\000s\000e\000\040\000C\000a\000s\000e\000:\000\040\000R\000e\000v\000i\000e\000w\000\040\000p\000a\000t\000i\000e\000n\000t\000\040\000p\000e\000r\000f\000o\000r\000m\000a\000n\000c\000e}{section.5.5}% 69
\BOOKMARK [3][-]{section*.97}{\376\377\000D\000a\000t\000a\000\040\000L\000o\000g}{subsection.5.5.8}% 70
\BOOKMARK [1][-]{section.5.6}{\376\377\000G\000a\000m\000e\000\040\000A\000r\000c\000h\000i\000t\000e\000c\000t\000u\000r\000e}{chapter.5}% 71
\BOOKMARK [1][-]{section.5.7}{\376\377\000E\000n\000c\000o\000u\000n\000t\000e\000r\000e\000d\000\040\000P\000r\000o\000b\000l\000e\000m\000s}{chapter.5}% 72
\BOOKMARK [2][-]{subsection.5.7.1}{\376\377\000V\000o\000i\000c\000e\000\040\000R\000e\000c\000o\000g\000n\000i\000t\000i\000o\000n}{section.5.7}% 73
\BOOKMARK [2][-]{subsection.5.7.2}{\376\377\000E\000x\000p\000o\000r\000t\000\040\000L\000o\000c\000a\000t\000i\000o\000n}{section.5.7}% 74
\BOOKMARK [1][-]{section.5.8}{\376\377\000E\000v\000a\000l\000u\000a\000t\000i\000o\000n}{chapter.5}% 75
\BOOKMARK [2][-]{subsection.5.8.1}{\376\377\000P\000r\000o\000c\000e\000s\000s\000\040\000s\000t\000r\000u\000c\000t\000u\000r\000e}{section.5.8}% 76
\BOOKMARK [2][-]{subsection.5.8.2}{\376\377\000Q\000u\000e\000s\000t\000i\000o\000n\000n\000a\000i\000r\000e\000\040\000r\000e\000s\000u\000l\000t\000s}{section.5.8}% 77
\BOOKMARK [2][-]{subsection.5.8.3}{\376\377\000F\000i\000n\000a\000l\000\040\000i\000n\000t\000e\000r\000v\000i\000e\000w}{section.5.8}% 78
\BOOKMARK [0][-]{chapter.6}{\376\377\000D\000i\000s\000c\000u\000s\000s\000i\000o\000n}{}% 79
\BOOKMARK [1][-]{section.6.1}{\376\377\000R\000e\000s\000e\000a\000r\000c\000h\000\040\000Q\000u\000e\000s\000t\000i\000o\000n\000\040\0001}{chapter.6}% 80
\BOOKMARK [1][-]{section.6.2}{\376\377\000R\000e\000s\000e\000a\000r\000c\000h\000\040\000Q\000u\000e\000s\000t\000i\000o\000n\000\040\0002}{chapter.6}% 81
\BOOKMARK [1][-]{section.6.3}{\376\377\000R\000e\000s\000e\000a\000r\000c\000h\000\040\000Q\000u\000e\000s\000t\000i\000o\000n\000\040\0003}{chapter.6}% 82
\BOOKMARK [0][-]{chapter.7}{\376\377\000C\000o\000n\000c\000l\000u\000s\000i\000o\000n\000\040\000a\000n\000d\000\040\000f\000u\000t\000u\000r\000e\000\040\000w\000o\000r\000k}{}% 83
\BOOKMARK [1][-]{section.7.1}{\376\377\000C\000o\000n\000c\000l\000u\000s\000i\000o\000n}{chapter.7}% 84
\BOOKMARK [1][-]{section.7.2}{\376\377\000F\000u\000t\000u\000r\000e\000\040\000w\000o\000r\000k}{chapter.7}% 85
\BOOKMARK [0][-]{section*.109}{\376\377\000L\000i\000s\000t\000\040\000o\000f\000\040\000F\000i\000g\000u\000r\000e\000s}{}% 86
\BOOKMARK [0][-]{section*.110}{\376\377\000L\000i\000s\000t\000\040\000o\000f\000\040\000T\000a\000b\000l\000e\000s}{}% 87
\BOOKMARK [0][-]{chapter*.111}{\376\377\000B\000i\000b\000l\000i\000o\000g\000r\000a\000p\000h\000y}{}% 88
\BOOKMARK [0][-]{chapter*.112}{\376\377\000A\000p\000p\000e\000n\000d\000i\000x}{}% 89
\BOOKMARK [1][-]{section*.113}{\376\377\000I\000n\000t\000e\000r\000v\000i\000e\000w\000\040\000G\000u\000i\000d\000e}{chapter*.112}% 90
\BOOKMARK [1][-]{section*.114}{\376\377\000Q\000u\000e\000s\000t\000i\000o\000n\000n\000a\000i\000r\000e}{chapter*.112}% 91
\BOOKMARK [1][-]{section*.115}{\376\377\000Q\000u\000e\000s\000t\000i\000o\000n\000n\000a\000i\000r\000e\000\040\000r\000e\000s\000u\000l\000t\000s}{chapter*.112}% 92
