\BOOKMARK [1][-]{toc1.1}{\376\377\000C\000o\000n\000t\000e\000n\000t\000s}{}% 1
\BOOKMARK [1][-]{section.1}{\376\377\0001\000\040\000I\000n\000t\000r\000o\000d\000u\000c\000t\000i\000o\000n}{}% 2
\BOOKMARK [1][-]{section.2}{\376\377\0002\000\040\000K\000n\000o\000w\000n\000\040\000I\000s\000s\000u\000e\000s}{}% 3
\BOOKMARK [1][-]{section.3}{\376\377\0003\000\040\000U\000s\000a\000g\000e\000\040\000f\000o\000r\000\040\000D\000o\000c\000u\000m\000e\000n\000t\000\040\000A\000u\000t\000h\000o\000r\000s}{}% 4
\BOOKMARK [2][-]{subsection.3.1}{\376\377\0003\000.\0001\000\040\000D\000a\000t\000a}{section.3}% 5
\BOOKMARK [3][-]{subsubsection.3.1.1}{\376\377\0003\000.\0001\000.\0001\000\040\000T\000e\000x\000t\000u\000a\000l\000\040\000D\000a\000t\000a}{subsection.3.1}% 6
\BOOKMARK [3][-]{subsubsection.3.1.2}{\376\377\0003\000.\0001\000.\0002\000\040\000P\000e\000r\000s\000o\000n\000s}{subsection.3.1}% 7
\BOOKMARK [3][-]{subsubsection.3.1.3}{\376\377\0003\000.\0001\000.\0003\000\040\000D\000a\000t\000e\000s}{subsection.3.1}% 8
\BOOKMARK [3][-]{subsubsection.3.1.4}{\376\377\0003\000.\0001\000.\0004\000\040\000L\000i\000s\000t\000\040\000D\000a\000t\000a}{subsection.3.1}% 9
\BOOKMARK [3][-]{subsubsection.3.1.5}{\376\377\0003\000.\0001\000.\0005\000\040\000P\000o\000l\000y\000l\000i\000n\000g\000u\000a\000l\000\040\000D\000a\000t\000a}{subsection.3.1}% 10
\BOOKMARK [2][-]{subsection.3.2}{\376\377\0003\000.\0002\000\040\000L\000a\000y\000o\000u\000t}{section.3}% 11
\BOOKMARK [1][-]{section.4}{\376\377\0004\000\040\000U\000s\000a\000g\000e\000\040\000f\000o\000r\000\040\000C\000l\000a\000s\000s\000\040\000W\000r\000i\000t\000e\000r\000s}{}% 12
\BOOKMARK [2][-]{subsection.4.1}{\376\377\0004\000.\0001\000\040\000D\000a\000t\000a}{section.4}% 13
\BOOKMARK [2][-]{subsection.4.2}{\376\377\0004\000.\0002\000\040\000L\000a\000y\000o\000u\000t}{section.4}% 14
\BOOKMARK [1][-]{section.5}{\376\377\0005\000\040\000I\000m\000p\000l\000e\000m\000e\000n\000t\000a\000t\000i\000o\000n}{}% 15
\BOOKMARK [2][-]{subsection.5.1}{\376\377\0005\000.\0001\000\040\000I\000n\000i\000t\000i\000a\000l\000i\000z\000a\000t\000i\000o\000n}{section.5}% 16
\BOOKMARK [3][-]{subsubsection.5.1.1}{\376\377\0005\000.\0001\000.\0001\000\040\000C\000l\000a\000s\000s\000\040\000O\000p\000t\000i\000o\000n\000s}{subsection.5.1}% 17
\BOOKMARK [3][-]{subsubsection.5.1.2}{\376\377\0005\000.\0001\000.\0002\000\040\000L\000o\000a\000d\000e\000d\000\040\000C\000l\000a\000s\000s\000\040\000a\000n\000d\000\040\000P\000a\000c\000k\000a\000g\000e\000s}{subsection.5.1}% 18
\BOOKMARK [3][-]{subsubsection.5.1.3}{\376\377\0005\000.\0001\000.\0003\000\040\000L\000o\000w\000-\000L\000e\000v\000e\000l\000\040\000F\000u\000n\000c\000t\000i\000o\000n\000a\000l\000i\000t\000y}{subsection.5.1}% 19
\BOOKMARK [3][-]{subsubsection.5.1.4}{\376\377\0005\000.\0001\000.\0004\000\040\000F\000o\000n\000t\000s}{subsection.5.1}% 20
\BOOKMARK [2][-]{subsection.5.2}{\376\377\0005\000.\0002\000\040\000D\000a\000t\000a}{section.5}% 21
\BOOKMARK [3][-]{subsubsection.5.2.1}{\376\377\0005\000.\0002\000.\0001\000\040\000D\000a\000t\000e\000s}{subsection.5.2}% 22
\BOOKMARK [3][-]{subsubsection.5.2.2}{\376\377\0005\000.\0002\000.\0002\000\040\000T\000e\000x\000t\000u\000a\000l\000\040\000D\000a\000t\000a}{subsection.5.2}% 23
\BOOKMARK [3][-]{subsubsection.5.2.3}{\376\377\0005\000.\0002\000.\0003\000\040\000P\000e\000r\000s\000o\000n\000s}{subsection.5.2}% 24
\BOOKMARK [3][-]{subsubsection.5.2.4}{\376\377\0005\000.\0002\000.\0004\000\040\000P\000o\000l\000y\000l\000i\000n\000g\000u\000a\000l\000\040\000T\000e\000x\000t}{subsection.5.2}% 25
\BOOKMARK [3][-]{subsubsection.5.2.5}{\376\377\0005\000.\0002\000.\0005\000\040\000T\000h\000e\000s\000i\000s\000\040\000T\000y\000p\000e\000s}{subsection.5.2}% 26
\BOOKMARK [3][-]{subsubsection.5.2.6}{\376\377\0005\000.\0002\000.\0006\000\040\000D\000e\000c\000l\000a\000r\000a\000t\000i\000o\000n\000s}{subsection.5.2}% 27
\BOOKMARK [2][-]{subsection.5.3}{\376\377\0005\000.\0003\000\040\000L\000a\000y\000o\000u\000t}{section.5}% 28
\BOOKMARK [3][-]{subsubsection.5.3.1}{\376\377\0005\000.\0003\000.\0001\000\040\000S\000e\000t\000u\000p}{subsection.5.3}% 29
\BOOKMARK [3][-]{subsubsection.5.3.2}{\376\377\0005\000.\0003\000.\0002\000\040\000T\000i\000t\000l\000e\000\040\000P\000a\000g\000e}{subsection.5.3}% 30
\BOOKMARK [3][-]{subsubsection.5.3.3}{\376\377\0005\000.\0003\000.\0003\000\040\000F\000r\000o\000n\000t\000\040\000M\000a\000t\000t\000e\000r\000\040\000M\000a\000t\000e\000r\000i\000a\000l}{subsection.5.3}% 31
\BOOKMARK [3][-]{subsubsection.5.3.4}{\376\377\0005\000.\0003\000.\0004\000\040\000P\000a\000g\000e\000\040\000S\000t\000y\000l\000e}{subsection.5.3}% 32
\BOOKMARK [1][-]{section.6}{\376\377\0006\000\040\000C\000h\000a\000n\000g\000e\000\040\000H\000i\000s\000t\000o\000r\000y}{}% 33
